2023-10-22 18:06:14,946{GMT}	INFO	[jepsen test runner] jepsen.core: Test version 74b29c45912026f3626cac56418fe0e6a6ed49c7 (plus uncommitted changes)
2023-10-22 18:06:14,947{GMT}	INFO	[jepsen test runner] jepsen.core: Command line:
lein run test -w broadcast --bin ./dist/broadcast/broadcast --node-count 10 --time-limit 20 --rate 10
2023-10-22 18:06:14,990{GMT}	INFO	[jepsen test runner] jepsen.core: Running test:
{:args []
 :remote
 #jepsen.control.retry.Remote{:remote #jepsen.control.scp.Remote{:cmd-remote #jepsen.control.sshj.SSHJRemote{:concurrency-limit 6,
                                                                                                             :conn-spec nil,
                                                                                                             :client nil,
                                                                                                             :semaphore nil},
                                                                 :conn-spec nil},
                              :conn nil}
 :log-net-send false
 :node-count 10
 :availability nil
 :max-txn-length 4
 :concurrency 10
 :db
 #object[maelstrom.db$db$reify__16142
         "0x61d1315b"
         "maelstrom.db$db$reify__16142@61d1315b"]
 :max-writes-per-key 16
 :leave-db-running? false
 :name "broadcast"
 :logging-json? false
 :start-time
 #object[org.joda.time.DateTime "0x9c88323" "2023-10-22T18:06:14.928+07:00"]
 :nemesis-interval 10
 :net
 #object[maelstrom.net$jepsen_net$reify__15251
         "0x6d4bdb75"
         "maelstrom.net$jepsen_net$reify__15251@6d4bdb75"]
 :client
 #object[maelstrom.workload.broadcast$client$reify__16644
         "0x1dc47df3"
         "maelstrom.workload.broadcast$client$reify__16644@1dc47df3"]
 :barrier
 #object[java.util.concurrent.CyclicBarrier
         "0x256a25a8"
         "java.util.concurrent.CyclicBarrier@256a25a8"]
 :log-stderr false
 :pure-generators true
 :ssh {:dummy? true}
 :rate 10.0
 :checker
 #object[jepsen.checker$compose$reify__11881
         "0x68f67bbd"
         "jepsen.checker$compose$reify__11881@68f67bbd"]
 :argv
 ("test"
  "-w"
  "broadcast"
  "--bin"
  "./dist/broadcast/broadcast"
  "--node-count"
  "10"
  "--time-limit"
  "20"
  "--rate"
  "10")
 :nemesis
 (jepsen.nemesis.ReflCompose
  {:fm {:start-partition 0,
        :stop-partition 0,
        :kill 1,
        :start 1,
        :pause 1,
        :resume 1},
   :nemeses [#unprintable "jepsen.nemesis.combined$partition_nemesis$reify__16416@5bd585a5"
             #unprintable "jepsen.nemesis.combined$db_nemesis$reify__16397@65c040c9"]})
 :nodes ["n0" "n1" "n2" "n3" "n4" "n5" "n6" "n7" "n8" "n9"]
 :test-count 1
 :latency {:mean 0, :dist :constant}
 :bin "./dist/broadcast/broadcast"
 :generator
 ((jepsen.generator.Synchronize
   {:gen (jepsen.generator.TimeLimit
          {:limit 20000000000,
           :cutoff nil,
           :gen (jepsen.generator.Any
                 {:gens [(jepsen.generator.OnThreads
                          {:f #{:nemesis},
                           :context-filter #object[jepsen.generator.context$make_thread_filter$lazy_filter__9167
                                                   "0x797a5b31"
                                                   "jepsen.generator.context$make_thread_filter$lazy_filter__9167@797a5b31"],
                           :gen nil})
                         (jepsen.generator.OnThreads
                          {:f #jepsen.generator.context.AllBut{:element :nemesis},
                           :context-filter #object[jepsen.generator.context$make_thread_filter$lazy_filter__9167
                                                   "0x13d7d1a8"
                                                   "jepsen.generator.context$make_thread_filter$lazy_filter__9167@13d7d1a8"],
                           :gen (jepsen.generator.Stagger
                                 {:dt 200000000,
                                  :next-time nil,
                                  :gen (jepsen.generator.Mix
                                        {:i 0,
                                         :gens [({:f :broadcast, :value 0}
                                                 {:f :broadcast, :value 1}
                                                 {:f :broadcast, :value 2}
                                                 {:f :broadcast, :value 3}
                                                 {:f :broadcast, :value 4}
                                                 {:f :broadcast, :value 5}
                                                 {:f :broadcast, :value 6}
                                                 {:f :broadcast, :value 7}
                                                 ...)
                                                ({:f :read}
                                                 {:f :read}
                                                 {:f :read}
                                                 {:f :read}
                                                 {:f :read}
                                                 {:f :read}
                                                 {:f :read}
                                                 {:f :read}
                                                 ...)]})})})]})})})
  (jepsen.generator.Synchronize
   {:gen (jepsen.generator.OnThreads
          {:f #{:nemesis},
           :context-filter #object[jepsen.generator.context$make_thread_filter$lazy_filter__9167
                                   "0x5827908c"
                                   "jepsen.generator.context$make_thread_filter$lazy_filter__9167@5827908c"],
           :gen ()})})
  (jepsen.generator.Synchronize
   {:gen {:type :log, :value "Waiting for recovery..."}})
  (jepsen.generator.Synchronize {:gen {:type :sleep, :value 10}})
  (jepsen.generator.Synchronize
   {:gen (jepsen.generator.OnThreads
          {:f #jepsen.generator.context.AllBut{:element :nemesis},
           :context-filter #object[jepsen.generator.context$make_thread_filter$lazy_filter__9167
                                   "0x732ffb6a"
                                   "jepsen.generator.context$make_thread_filter$lazy_filter__9167@732ffb6a"],
           :gen (jepsen.generator.EachThread
                 {:fresh-gen {:f :read, :final? true},
                  :context-filters #object[clojure.core$promise$reify__8591
                                           "0x5ed83e36"
                                           {:status :pending, :val nil}],
                  :gens {}})})}))
 :log-net-recv false
 :os
 #object[maelstrom.net$jepsen_os$reify__15254
         "0x2459715c"
         "maelstrom.net$jepsen_os$reify__15254@2459715c"]
 :time-limit 20
 :workload :broadcast
 :consistency-models [:strict-serializable]
 :topology :grid}

2023-10-22 18:06:16,225{GMT}	INFO	[jepsen node n0] maelstrom.net: Starting Maelstrom network
2023-10-22 18:06:16,226{GMT}	INFO	[jepsen test runner] jepsen.db: Tearing down DB
2023-10-22 18:06:16,227{GMT}	INFO	[jepsen test runner] jepsen.db: Setting up DB
2023-10-22 18:06:16,228{GMT}	INFO	[jepsen node n3] maelstrom.db: Setting up n3
2023-10-22 18:06:16,228{GMT}	INFO	[jepsen node n2] maelstrom.db: Setting up n2
2023-10-22 18:06:16,228{GMT}	INFO	[jepsen node n1] maelstrom.db: Setting up n1
2023-10-22 18:06:16,228{GMT}	INFO	[jepsen node n4] maelstrom.db: Setting up n4
2023-10-22 18:06:16,228{GMT}	INFO	[jepsen node n5] maelstrom.db: Setting up n5
2023-10-22 18:06:16,228{GMT}	INFO	[jepsen node n9] maelstrom.db: Setting up n9
2023-10-22 18:06:16,228{GMT}	INFO	[jepsen node n7] maelstrom.db: Setting up n7
2023-10-22 18:06:16,228{GMT}	INFO	[jepsen node n6] maelstrom.db: Setting up n6
2023-10-22 18:06:16,228{GMT}	INFO	[jepsen node n8] maelstrom.db: Setting up n8
2023-10-22 18:06:16,228{GMT}	INFO	[jepsen node n3] maelstrom.process: launching ./dist/broadcast/broadcast []
2023-10-22 18:06:16,228{GMT}	INFO	[jepsen node n1] maelstrom.process: launching ./dist/broadcast/broadcast []
2023-10-22 18:06:16,228{GMT}	INFO	[jepsen node n4] maelstrom.process: launching ./dist/broadcast/broadcast []
2023-10-22 18:06:16,228{GMT}	INFO	[jepsen node n9] maelstrom.process: launching ./dist/broadcast/broadcast []
2023-10-22 18:06:16,228{GMT}	INFO	[jepsen node n5] maelstrom.process: launching ./dist/broadcast/broadcast []
2023-10-22 18:06:16,228{GMT}	INFO	[jepsen node n7] maelstrom.process: launching ./dist/broadcast/broadcast []
2023-10-22 18:06:16,228{GMT}	INFO	[jepsen node n6] maelstrom.process: launching ./dist/broadcast/broadcast []
2023-10-22 18:06:16,228{GMT}	INFO	[jepsen node n8] maelstrom.process: launching ./dist/broadcast/broadcast []
2023-10-22 18:06:16,228{GMT}	INFO	[jepsen node n2] maelstrom.process: launching ./dist/broadcast/broadcast []
2023-10-22 18:06:16,229{GMT}	INFO	[jepsen node n0] maelstrom.service: Starting services: (lin-kv lin-tso lww-kv seq-kv)
2023-10-22 18:06:16,230{GMT}	INFO	[jepsen node n0] maelstrom.db: Setting up n0
2023-10-22 18:06:16,231{GMT}	INFO	[jepsen node n0] maelstrom.process: launching ./dist/broadcast/broadcast []
2023-10-22 18:06:16,314{GMT}	INFO	[jepsen test runner] jepsen.core: Relative time begins now
2023-10-22 18:06:16,328{GMT}	INFO	[jepsen node n0] maelstrom.db: Tearing down n0
2023-10-22 18:06:16,328{GMT}	INFO	[jepsen node n3] maelstrom.db: Tearing down n3
2023-10-22 18:06:16,328{GMT}	INFO	[jepsen node n1] maelstrom.db: Tearing down n1
2023-10-22 18:06:16,328{GMT}	INFO	[jepsen node n2] maelstrom.db: Tearing down n2
2023-10-22 18:06:16,329{GMT}	INFO	[jepsen node n5] maelstrom.db: Tearing down n5
2023-10-22 18:06:16,329{GMT}	INFO	[jepsen node n8] maelstrom.db: Tearing down n8
2023-10-22 18:06:16,328{GMT}	INFO	[jepsen node n4] maelstrom.db: Tearing down n4
2023-10-22 18:06:16,329{GMT}	INFO	[jepsen node n6] maelstrom.db: Tearing down n6
2023-10-22 18:06:16,329{GMT}	INFO	[jepsen node n9] maelstrom.db: Tearing down n9
2023-10-22 18:06:16,329{GMT}	INFO	[jepsen node n7] maelstrom.db: Tearing down n7
2023-10-22 18:06:18,232{GMT}	INFO	[jepsen node n0] maelstrom.net: Shutting down Maelstrom network
2023-10-22 18:06:18,234{GMT}	WARN	[jepsen test runner] jepsen.core: Test crashed!
clojure.lang.ExceptionInfo: throw+: {:type :rpc-error, :code 10, :name :not-supported, :definite? true, :body {:type "error", :code 10, :text "RPC type is not supported", :in_reply_to 1}}
	at slingshot.support$stack_trace.invoke(support.clj:201)
	at maelstrom.client$throw_errors_BANG_.invokeStatic(client.clj:133)
	at maelstrom.client$throw_errors_BANG_.invoke(client.clj:125)
	at maelstrom.client$rpc_BANG_.invokeStatic(client.clj:150)
	at maelstrom.client$rpc_BANG_.invoke(client.clj:140)
	at maelstrom.workload.broadcast$fn__16554$topology_BANG___16555.invoke(broadcast.clj:19)
	at maelstrom.workload.broadcast$fn__16554$topology_BANG___16555.invoke(broadcast.clj:19)
	at maelstrom.workload.broadcast$client$reify__16644.setup_BANG_(broadcast.clj:197)
	at jepsen.core$run_case_BANG_$fn__13021.invoke(core.clj:212)
	at dom_top.core$real_pmap_helper$build_thread__211$fn__212.invoke(core.clj:163)
	at clojure.lang.AFn.applyToHelper(AFn.java:152)
	at clojure.lang.AFn.applyTo(AFn.java:144)
	at clojure.core$apply.invokeStatic(core.clj:667)
	at clojure.core$with_bindings_STAR_.invokeStatic(core.clj:1990)
	at clojure.core$with_bindings_STAR_.doInvoke(core.clj:1990)
	at clojure.lang.RestFn.invoke(RestFn.java:425)
	at clojure.lang.AFn.applyToHelper(AFn.java:156)
	at clojure.lang.RestFn.applyTo(RestFn.java:132)
	at clojure.core$apply.invokeStatic(core.clj:671)
	at clojure.core$bound_fn_STAR_$fn__5818.doInvoke(core.clj:2020)
	at clojure.lang.RestFn.invoke(RestFn.java:397)
	at clojure.lang.AFn.run(AFn.java:22)
	at java.base/java.lang.Thread.run(Thread.java:833)
