2023-10-22 18:07:08,035{GMT}	INFO	[jepsen test runner] jepsen.core: Test version 74b29c45912026f3626cac56418fe0e6a6ed49c7 (plus uncommitted changes)
2023-10-22 18:07:08,035{GMT}	INFO	[jepsen test runner] jepsen.core: Command line:
lein run test -w broadcast --bin ./dist/broadcast/broadcast --node-count 10 --time-limit 20 --rate 10
2023-10-22 18:07:08,079{GMT}	INFO	[jepsen test runner] jepsen.core: Running test:
{:args []
 :remote
 #jepsen.control.retry.Remote{:remote #jepsen.control.scp.Remote{:cmd-remote #jepsen.control.sshj.SSHJRemote{:concurrency-limit 6,
                                                                                                             :conn-spec nil,
                                                                                                             :client nil,
                                                                                                             :semaphore nil},
                                                                 :conn-spec nil},
                              :conn nil}
 :log-net-send false
 :node-count 10
 :availability nil
 :max-txn-length 4
 :concurrency 10
 :db
 #object[maelstrom.db$db$reify__16142
         "0x61d1315b"
         "maelstrom.db$db$reify__16142@61d1315b"]
 :max-writes-per-key 16
 :leave-db-running? false
 :name "broadcast"
 :logging-json? false
 :start-time
 #object[org.joda.time.DateTime "0x9c88323" "2023-10-22T18:07:08.018+07:00"]
 :nemesis-interval 10
 :net
 #object[maelstrom.net$jepsen_net$reify__15251
         "0x6d4bdb75"
         "maelstrom.net$jepsen_net$reify__15251@6d4bdb75"]
 :client
 #object[maelstrom.workload.broadcast$client$reify__16644
         "0x1dc47df3"
         "maelstrom.workload.broadcast$client$reify__16644@1dc47df3"]
 :barrier
 #object[java.util.concurrent.CyclicBarrier
         "0x256a25a8"
         "java.util.concurrent.CyclicBarrier@256a25a8"]
 :log-stderr false
 :pure-generators true
 :ssh {:dummy? true}
 :rate 10.0
 :checker
 #object[jepsen.checker$compose$reify__11881
         "0x68f67bbd"
         "jepsen.checker$compose$reify__11881@68f67bbd"]
 :argv
 ("test"
  "-w"
  "broadcast"
  "--bin"
  "./dist/broadcast/broadcast"
  "--node-count"
  "10"
  "--time-limit"
  "20"
  "--rate"
  "10")
 :nemesis
 (jepsen.nemesis.ReflCompose
  {:fm {:start-partition 0,
        :stop-partition 0,
        :kill 1,
        :start 1,
        :pause 1,
        :resume 1},
   :nemeses [#unprintable "jepsen.nemesis.combined$partition_nemesis$reify__16416@5bd585a5"
             #unprintable "jepsen.nemesis.combined$db_nemesis$reify__16397@65c040c9"]})
 :nodes ["n0" "n1" "n2" "n3" "n4" "n5" "n6" "n7" "n8" "n9"]
 :test-count 1
 :latency {:mean 0, :dist :constant}
 :bin "./dist/broadcast/broadcast"
 :generator
 ((jepsen.generator.Synchronize
   {:gen (jepsen.generator.TimeLimit
          {:limit 20000000000,
           :cutoff nil,
           :gen (jepsen.generator.Any
                 {:gens [(jepsen.generator.OnThreads
                          {:f #{:nemesis},
                           :context-filter #object[jepsen.generator.context$make_thread_filter$lazy_filter__9167
                                                   "0x797a5b31"
                                                   "jepsen.generator.context$make_thread_filter$lazy_filter__9167@797a5b31"],
                           :gen nil})
                         (jepsen.generator.OnThreads
                          {:f #jepsen.generator.context.AllBut{:element :nemesis},
                           :context-filter #object[jepsen.generator.context$make_thread_filter$lazy_filter__9167
                                                   "0x13d7d1a8"
                                                   "jepsen.generator.context$make_thread_filter$lazy_filter__9167@13d7d1a8"],
                           :gen (jepsen.generator.Stagger
                                 {:dt 200000000,
                                  :next-time nil,
                                  :gen (jepsen.generator.Mix
                                        {:i 0,
                                         :gens [({:f :broadcast, :value 0}
                                                 {:f :broadcast, :value 1}
                                                 {:f :broadcast, :value 2}
                                                 {:f :broadcast, :value 3}
                                                 {:f :broadcast, :value 4}
                                                 {:f :broadcast, :value 5}
                                                 {:f :broadcast, :value 6}
                                                 {:f :broadcast, :value 7}
                                                 ...)
                                                ({:f :read}
                                                 {:f :read}
                                                 {:f :read}
                                                 {:f :read}
                                                 {:f :read}
                                                 {:f :read}
                                                 {:f :read}
                                                 {:f :read}
                                                 ...)]})})})]})})})
  (jepsen.generator.Synchronize
   {:gen (jepsen.generator.OnThreads
          {:f #{:nemesis},
           :context-filter #object[jepsen.generator.context$make_thread_filter$lazy_filter__9167
                                   "0x5827908c"
                                   "jepsen.generator.context$make_thread_filter$lazy_filter__9167@5827908c"],
           :gen ()})})
  (jepsen.generator.Synchronize
   {:gen {:type :log, :value "Waiting for recovery..."}})
  (jepsen.generator.Synchronize {:gen {:type :sleep, :value 10}})
  (jepsen.generator.Synchronize
   {:gen (jepsen.generator.OnThreads
          {:f #jepsen.generator.context.AllBut{:element :nemesis},
           :context-filter #object[jepsen.generator.context$make_thread_filter$lazy_filter__9167
                                   "0x732ffb6a"
                                   "jepsen.generator.context$make_thread_filter$lazy_filter__9167@732ffb6a"],
           :gen (jepsen.generator.EachThread
                 {:fresh-gen {:f :read, :final? true},
                  :context-filters #object[clojure.core$promise$reify__8591
                                           "0x5ed83e36"
                                           {:status :pending, :val nil}],
                  :gens {}})})}))
 :log-net-recv false
 :os
 #object[maelstrom.net$jepsen_os$reify__15254
         "0x2459715c"
         "maelstrom.net$jepsen_os$reify__15254@2459715c"]
 :time-limit 20
 :workload :broadcast
 :consistency-models [:strict-serializable]
 :topology :grid}

2023-10-22 18:07:09,347{GMT}	INFO	[jepsen node n0] maelstrom.net: Starting Maelstrom network
2023-10-22 18:07:09,348{GMT}	INFO	[jepsen test runner] jepsen.db: Tearing down DB
2023-10-22 18:07:09,349{GMT}	INFO	[jepsen test runner] jepsen.db: Setting up DB
2023-10-22 18:07:09,349{GMT}	INFO	[jepsen node n3] maelstrom.db: Setting up n3
2023-10-22 18:07:09,349{GMT}	INFO	[jepsen node n1] maelstrom.db: Setting up n1
2023-10-22 18:07:09,349{GMT}	INFO	[jepsen node n5] maelstrom.db: Setting up n5
2023-10-22 18:07:09,350{GMT}	INFO	[jepsen node n8] maelstrom.db: Setting up n8
2023-10-22 18:07:09,350{GMT}	INFO	[jepsen node n7] maelstrom.db: Setting up n7
2023-10-22 18:07:09,350{GMT}	INFO	[jepsen node n6] maelstrom.db: Setting up n6
2023-10-22 18:07:09,350{GMT}	INFO	[jepsen node n2] maelstrom.db: Setting up n2
2023-10-22 18:07:09,350{GMT}	INFO	[jepsen node n4] maelstrom.db: Setting up n4
2023-10-22 18:07:09,350{GMT}	INFO	[jepsen node n9] maelstrom.db: Setting up n9
2023-10-22 18:07:09,350{GMT}	INFO	[jepsen node n5] maelstrom.process: launching ./dist/broadcast/broadcast []
2023-10-22 18:07:09,350{GMT}	INFO	[jepsen node n3] maelstrom.process: launching ./dist/broadcast/broadcast []
2023-10-22 18:07:09,350{GMT}	INFO	[jepsen node n1] maelstrom.process: launching ./dist/broadcast/broadcast []
2023-10-22 18:07:09,350{GMT}	INFO	[jepsen node n7] maelstrom.process: launching ./dist/broadcast/broadcast []
2023-10-22 18:07:09,350{GMT}	INFO	[jepsen node n8] maelstrom.process: launching ./dist/broadcast/broadcast []
2023-10-22 18:07:09,350{GMT}	INFO	[jepsen node n6] maelstrom.process: launching ./dist/broadcast/broadcast []
2023-10-22 18:07:09,350{GMT}	INFO	[jepsen node n4] maelstrom.process: launching ./dist/broadcast/broadcast []
2023-10-22 18:07:09,350{GMT}	INFO	[jepsen node n2] maelstrom.process: launching ./dist/broadcast/broadcast []
2023-10-22 18:07:09,350{GMT}	INFO	[jepsen node n9] maelstrom.process: launching ./dist/broadcast/broadcast []
2023-10-22 18:07:09,351{GMT}	INFO	[jepsen node n0] maelstrom.service: Starting services: (lin-kv lin-tso lww-kv seq-kv)
2023-10-22 18:07:09,368{GMT}	INFO	[jepsen node n0] maelstrom.db: Setting up n0
2023-10-22 18:07:09,370{GMT}	INFO	[jepsen node n0] maelstrom.process: launching ./dist/broadcast/broadcast []
2023-10-22 18:07:09,446{GMT}	INFO	[jepsen test runner] jepsen.core: Relative time begins now
2023-10-22 18:07:09,458{GMT}	INFO	[jepsen worker 0] jepsen.util: 0	:invoke	:broadcast	0
2023-10-22 18:07:09,460{GMT}	INFO	[jepsen worker 0] jepsen.util: 0	:ok	:broadcast	0
2023-10-22 18:07:09,475{GMT}	INFO	[jepsen worker 1] jepsen.util: 1	:invoke	:read	nil
2023-10-22 18:07:09,477{GMT}	INFO	[jepsen worker 1] jepsen.util: 1	:ok	:read	[0]
2023-10-22 18:07:09,656{GMT}	INFO	[jepsen worker 2] jepsen.util: 2	:invoke	:read	nil
2023-10-22 18:07:09,658{GMT}	INFO	[jepsen worker 2] jepsen.util: 2	:ok	:read	[0]
2023-10-22 18:07:09,665{GMT}	INFO	[jepsen worker 3] jepsen.util: 3	:invoke	:broadcast	1
2023-10-22 18:07:09,667{GMT}	INFO	[jepsen worker 3] jepsen.util: 3	:ok	:broadcast	1
2023-10-22 18:07:09,769{GMT}	INFO	[jepsen worker 4] jepsen.util: 4	:invoke	:read	nil
2023-10-22 18:07:09,771{GMT}	INFO	[jepsen worker 4] jepsen.util: 4	:ok	:read	[0]
2023-10-22 18:07:09,859{GMT}	INFO	[jepsen worker 5] jepsen.util: 5	:invoke	:broadcast	2
2023-10-22 18:07:09,861{GMT}	INFO	[jepsen worker 5] jepsen.util: 5	:ok	:broadcast	2
2023-10-22 18:07:09,993{GMT}	INFO	[jepsen worker 6] jepsen.util: 6	:invoke	:read	nil
2023-10-22 18:07:09,994{GMT}	INFO	[jepsen worker 6] jepsen.util: 6	:ok	:read	[0]
2023-10-22 18:07:10,106{GMT}	INFO	[jepsen worker 7] jepsen.util: 7	:invoke	:broadcast	3
2023-10-22 18:07:10,107{GMT}	INFO	[jepsen worker 7] jepsen.util: 7	:ok	:broadcast	3
2023-10-22 18:07:10,183{GMT}	INFO	[jepsen worker 8] jepsen.util: 8	:invoke	:broadcast	4
2023-10-22 18:07:10,184{GMT}	INFO	[jepsen worker 8] jepsen.util: 8	:ok	:broadcast	4
2023-10-22 18:07:10,282{GMT}	INFO	[jepsen worker 9] jepsen.util: 9	:invoke	:read	nil
2023-10-22 18:07:10,283{GMT}	INFO	[jepsen worker 9] jepsen.util: 9	:ok	:read	[0]
2023-10-22 18:07:10,404{GMT}	INFO	[jepsen worker 0] jepsen.util: 0	:invoke	:read	nil
2023-10-22 18:07:10,406{GMT}	INFO	[jepsen worker 0] jepsen.util: 0	:ok	:read	[0]
2023-10-22 18:07:10,416{GMT}	INFO	[jepsen worker 0] jepsen.util: 0	:invoke	:broadcast	5
2023-10-22 18:07:10,418{GMT}	INFO	[jepsen worker 0] jepsen.util: 0	:ok	:broadcast	5
2023-10-22 18:07:10,502{GMT}	INFO	[jepsen worker 1] jepsen.util: 1	:invoke	:read	nil
2023-10-22 18:07:10,503{GMT}	INFO	[jepsen worker 1] jepsen.util: 1	:ok	:read	[0]
2023-10-22 18:07:10,559{GMT}	INFO	[jepsen worker 2] jepsen.util: 2	:invoke	:read	nil
2023-10-22 18:07:10,561{GMT}	INFO	[jepsen worker 2] jepsen.util: 2	:ok	:read	[0]
2023-10-22 18:07:10,734{GMT}	INFO	[jepsen worker 3] jepsen.util: 3	:invoke	:broadcast	6
2023-10-22 18:07:10,735{GMT}	INFO	[jepsen worker 3] jepsen.util: 3	:ok	:broadcast	6
2023-10-22 18:07:10,880{GMT}	INFO	[jepsen worker 4] jepsen.util: 4	:invoke	:broadcast	7
2023-10-22 18:07:10,881{GMT}	INFO	[jepsen worker 4] jepsen.util: 4	:ok	:broadcast	7
2023-10-22 18:07:11,062{GMT}	INFO	[jepsen worker 5] jepsen.util: 5	:invoke	:broadcast	8
2023-10-22 18:07:11,064{GMT}	INFO	[jepsen worker 5] jepsen.util: 5	:ok	:broadcast	8
2023-10-22 18:07:11,089{GMT}	INFO	[jepsen worker 6] jepsen.util: 6	:invoke	:broadcast	9
2023-10-22 18:07:11,090{GMT}	INFO	[jepsen worker 6] jepsen.util: 6	:ok	:broadcast	9
2023-10-22 18:07:11,280{GMT}	INFO	[jepsen worker 7] jepsen.util: 7	:invoke	:read	nil
2023-10-22 18:07:11,282{GMT}	INFO	[jepsen worker 7] jepsen.util: 7	:ok	:read	[0 3]
2023-10-22 18:07:11,475{GMT}	INFO	[jepsen worker 8] jepsen.util: 8	:invoke	:read	nil
2023-10-22 18:07:11,476{GMT}	INFO	[jepsen worker 8] jepsen.util: 8	:ok	:read	[0 4]
2023-10-22 18:07:11,575{GMT}	INFO	[jepsen worker 9] jepsen.util: 9	:invoke	:broadcast	10
2023-10-22 18:07:11,576{GMT}	INFO	[jepsen worker 9] jepsen.util: 9	:ok	:broadcast	10
2023-10-22 18:07:11,636{GMT}	INFO	[jepsen worker 0] jepsen.util: 0	:invoke	:broadcast	11
2023-10-22 18:07:11,637{GMT}	INFO	[jepsen worker 0] jepsen.util: 0	:ok	:broadcast	11
2023-10-22 18:07:11,703{GMT}	INFO	[jepsen worker 0] jepsen.util: 0	:invoke	:broadcast	12
2023-10-22 18:07:11,704{GMT}	INFO	[jepsen worker 0] jepsen.util: 0	:ok	:broadcast	12
2023-10-22 18:07:11,802{GMT}	INFO	[jepsen worker 1] jepsen.util: 1	:invoke	:read	nil
2023-10-22 18:07:11,803{GMT}	INFO	[jepsen worker 1] jepsen.util: 1	:ok	:read	[0]
2023-10-22 18:07:11,984{GMT}	INFO	[jepsen worker 2] jepsen.util: 2	:invoke	:broadcast	13
2023-10-22 18:07:11,985{GMT}	INFO	[jepsen worker 2] jepsen.util: 2	:ok	:broadcast	13
2023-10-22 18:07:12,041{GMT}	INFO	[jepsen worker 3] jepsen.util: 3	:invoke	:broadcast	14
2023-10-22 18:07:12,042{GMT}	INFO	[jepsen worker 3] jepsen.util: 3	:ok	:broadcast	14
2023-10-22 18:07:12,085{GMT}	INFO	[jepsen worker 4] jepsen.util: 4	:invoke	:broadcast	15
2023-10-22 18:07:12,086{GMT}	INFO	[jepsen worker 4] jepsen.util: 4	:ok	:broadcast	15
2023-10-22 18:07:12,221{GMT}	INFO	[jepsen worker 5] jepsen.util: 5	:invoke	:broadcast	16
2023-10-22 18:07:12,222{GMT}	INFO	[jepsen worker 5] jepsen.util: 5	:ok	:broadcast	16
2023-10-22 18:07:12,393{GMT}	INFO	[jepsen worker 6] jepsen.util: 6	:invoke	:broadcast	17
2023-10-22 18:07:12,394{GMT}	INFO	[jepsen worker 6] jepsen.util: 6	:ok	:broadcast	17
2023-10-22 18:07:12,442{GMT}	INFO	[jepsen worker 7] jepsen.util: 7	:invoke	:read	nil
2023-10-22 18:07:12,443{GMT}	INFO	[jepsen worker 7] jepsen.util: 7	:ok	:read	[0 3]
2023-10-22 18:07:12,565{GMT}	INFO	[jepsen worker 8] jepsen.util: 8	:invoke	:read	nil
2023-10-22 18:07:12,566{GMT}	INFO	[jepsen worker 8] jepsen.util: 8	:ok	:read	[0 4]
2023-10-22 18:07:12,602{GMT}	INFO	[jepsen worker 9] jepsen.util: 9	:invoke	:read	nil
2023-10-22 18:07:12,603{GMT}	INFO	[jepsen worker 9] jepsen.util: 9	:ok	:read	[0 10]
2023-10-22 18:07:12,644{GMT}	INFO	[jepsen worker 0] jepsen.util: 0	:invoke	:read	nil
2023-10-22 18:07:12,646{GMT}	INFO	[jepsen worker 0] jepsen.util: 0	:ok	:read	[0 11 12 5]
2023-10-22 18:07:12,804{GMT}	INFO	[jepsen worker 0] jepsen.util: 0	:invoke	:read	nil
2023-10-22 18:07:12,806{GMT}	INFO	[jepsen worker 0] jepsen.util: 0	:ok	:read	[0 11 12 5]
2023-10-22 18:07:12,927{GMT}	INFO	[jepsen worker 1] jepsen.util: 1	:invoke	:read	nil
2023-10-22 18:07:12,928{GMT}	INFO	[jepsen worker 1] jepsen.util: 1	:ok	:read	[0]
2023-10-22 18:07:13,088{GMT}	INFO	[jepsen worker 2] jepsen.util: 2	:invoke	:read	nil
2023-10-22 18:07:13,090{GMT}	INFO	[jepsen worker 2] jepsen.util: 2	:ok	:read	[0 13]
2023-10-22 18:07:13,174{GMT}	INFO	[jepsen worker 3] jepsen.util: 3	:invoke	:broadcast	18
2023-10-22 18:07:13,175{GMT}	INFO	[jepsen worker 3] jepsen.util: 3	:ok	:broadcast	18
2023-10-22 18:07:13,368{GMT}	INFO	[jepsen worker 4] jepsen.util: 4	:invoke	:read	nil
2023-10-22 18:07:13,369{GMT}	INFO	[jepsen worker 4] jepsen.util: 4	:ok	:read	[0 15 7]
2023-10-22 18:07:13,557{GMT}	INFO	[jepsen worker 5] jepsen.util: 5	:invoke	:broadcast	19
2023-10-22 18:07:13,558{GMT}	INFO	[jepsen worker 5] jepsen.util: 5	:ok	:broadcast	19
2023-10-22 18:07:13,678{GMT}	INFO	[jepsen worker 6] jepsen.util: 6	:invoke	:broadcast	20
2023-10-22 18:07:13,679{GMT}	INFO	[jepsen worker 6] jepsen.util: 6	:ok	:broadcast	20
2023-10-22 18:07:13,721{GMT}	INFO	[jepsen worker 7] jepsen.util: 7	:invoke	:read	nil
2023-10-22 18:07:13,722{GMT}	INFO	[jepsen worker 7] jepsen.util: 7	:ok	:read	[0 3]
2023-10-22 18:07:13,807{GMT}	INFO	[jepsen worker 8] jepsen.util: 8	:invoke	:broadcast	21
2023-10-22 18:07:13,808{GMT}	INFO	[jepsen worker 8] jepsen.util: 8	:ok	:broadcast	21
2023-10-22 18:07:13,962{GMT}	INFO	[jepsen worker 9] jepsen.util: 9	:invoke	:read	nil
2023-10-22 18:07:13,964{GMT}	INFO	[jepsen worker 9] jepsen.util: 9	:ok	:read	[0 10]
2023-10-22 18:07:14,012{GMT}	INFO	[jepsen worker 0] jepsen.util: 0	:invoke	:read	nil
2023-10-22 18:07:14,013{GMT}	INFO	[jepsen worker 0] jepsen.util: 0	:ok	:read	[0 11 12 5]
2023-10-22 18:07:14,103{GMT}	INFO	[jepsen worker 0] jepsen.util: 0	:invoke	:read	nil
2023-10-22 18:07:14,104{GMT}	INFO	[jepsen worker 0] jepsen.util: 0	:ok	:read	[0 11 12 5]
2023-10-22 18:07:14,301{GMT}	INFO	[jepsen worker 1] jepsen.util: 1	:invoke	:broadcast	22
2023-10-22 18:07:14,302{GMT}	INFO	[jepsen worker 1] jepsen.util: 1	:ok	:broadcast	22
2023-10-22 18:07:14,453{GMT}	INFO	[jepsen worker 2] jepsen.util: 2	:invoke	:read	nil
2023-10-22 18:07:14,455{GMT}	INFO	[jepsen worker 2] jepsen.util: 2	:ok	:read	[0 13]
2023-10-22 18:07:14,576{GMT}	INFO	[jepsen worker 3] jepsen.util: 3	:invoke	:read	nil
2023-10-22 18:07:14,577{GMT}	INFO	[jepsen worker 3] jepsen.util: 3	:ok	:read	[0 1 18 6 14]
2023-10-22 18:07:14,656{GMT}	INFO	[jepsen worker 4] jepsen.util: 4	:invoke	:read	nil
2023-10-22 18:07:14,657{GMT}	INFO	[jepsen worker 4] jepsen.util: 4	:ok	:read	[0 15 7]
2023-10-22 18:07:14,721{GMT}	INFO	[jepsen worker 5] jepsen.util: 5	:invoke	:read	nil
2023-10-22 18:07:14,722{GMT}	INFO	[jepsen worker 5] jepsen.util: 5	:ok	:read	[0 16 2 19 8]
2023-10-22 18:07:14,789{GMT}	INFO	[jepsen worker 6] jepsen.util: 6	:invoke	:read	nil
2023-10-22 18:07:14,791{GMT}	INFO	[jepsen worker 6] jepsen.util: 6	:ok	:read	[0 9 20 17]
2023-10-22 18:07:14,925{GMT}	INFO	[jepsen worker 7] jepsen.util: 7	:invoke	:read	nil
2023-10-22 18:07:14,927{GMT}	INFO	[jepsen worker 7] jepsen.util: 7	:ok	:read	[0 3]
2023-10-22 18:07:14,935{GMT}	INFO	[jepsen worker 8] jepsen.util: 8	:invoke	:read	nil
2023-10-22 18:07:14,936{GMT}	INFO	[jepsen worker 8] jepsen.util: 8	:ok	:read	[0 4 21]
2023-10-22 18:07:15,132{GMT}	INFO	[jepsen worker 9] jepsen.util: 9	:invoke	:broadcast	23
2023-10-22 18:07:15,133{GMT}	INFO	[jepsen worker 9] jepsen.util: 9	:ok	:broadcast	23
2023-10-22 18:07:15,185{GMT}	INFO	[jepsen worker 0] jepsen.util: 0	:invoke	:read	nil
2023-10-22 18:07:15,187{GMT}	INFO	[jepsen worker 0] jepsen.util: 0	:ok	:read	[0 11 12 5]
2023-10-22 18:07:15,307{GMT}	INFO	[jepsen worker 0] jepsen.util: 0	:invoke	:broadcast	24
2023-10-22 18:07:15,308{GMT}	INFO	[jepsen worker 0] jepsen.util: 0	:ok	:broadcast	24
2023-10-22 18:07:15,483{GMT}	INFO	[jepsen worker 1] jepsen.util: 1	:invoke	:broadcast	25
2023-10-22 18:07:15,484{GMT}	INFO	[jepsen worker 1] jepsen.util: 1	:ok	:broadcast	25
2023-10-22 18:07:15,600{GMT}	INFO	[jepsen worker 2] jepsen.util: 2	:invoke	:broadcast	26
2023-10-22 18:07:15,602{GMT}	INFO	[jepsen worker 2] jepsen.util: 2	:ok	:broadcast	26
2023-10-22 18:07:15,688{GMT}	INFO	[jepsen worker 3] jepsen.util: 3	:invoke	:read	nil
2023-10-22 18:07:15,689{GMT}	INFO	[jepsen worker 3] jepsen.util: 3	:ok	:read	[0 1 18 6 14]
2023-10-22 18:07:15,710{GMT}	INFO	[jepsen worker 4] jepsen.util: 4	:invoke	:read	nil
2023-10-22 18:07:15,712{GMT}	INFO	[jepsen worker 4] jepsen.util: 4	:ok	:read	[0 15 7]
2023-10-22 18:07:15,853{GMT}	INFO	[jepsen worker 5] jepsen.util: 5	:invoke	:broadcast	27
2023-10-22 18:07:15,854{GMT}	INFO	[jepsen worker 5] jepsen.util: 5	:ok	:broadcast	27
2023-10-22 18:07:15,922{GMT}	INFO	[jepsen worker 6] jepsen.util: 6	:invoke	:read	nil
2023-10-22 18:07:15,924{GMT}	INFO	[jepsen worker 6] jepsen.util: 6	:ok	:read	[0 9 20 17]
2023-10-22 18:07:16,105{GMT}	INFO	[jepsen worker 7] jepsen.util: 7	:invoke	:broadcast	28
2023-10-22 18:07:16,106{GMT}	INFO	[jepsen worker 7] jepsen.util: 7	:ok	:broadcast	28
2023-10-22 18:07:16,121{GMT}	INFO	[jepsen worker 8] jepsen.util: 8	:invoke	:broadcast	29
2023-10-22 18:07:16,122{GMT}	INFO	[jepsen worker 8] jepsen.util: 8	:ok	:broadcast	29
2023-10-22 18:07:16,307{GMT}	INFO	[jepsen worker 9] jepsen.util: 9	:invoke	:broadcast	30
2023-10-22 18:07:16,308{GMT}	INFO	[jepsen worker 9] jepsen.util: 9	:ok	:broadcast	30
2023-10-22 18:07:16,463{GMT}	INFO	[jepsen worker 0] jepsen.util: 0	:invoke	:broadcast	31
2023-10-22 18:07:16,464{GMT}	INFO	[jepsen worker 0] jepsen.util: 0	:ok	:broadcast	31
2023-10-22 18:07:16,510{GMT}	INFO	[jepsen worker 0] jepsen.util: 0	:invoke	:broadcast	32
2023-10-22 18:07:16,511{GMT}	INFO	[jepsen worker 0] jepsen.util: 0	:ok	:broadcast	32
2023-10-22 18:07:16,593{GMT}	INFO	[jepsen worker 1] jepsen.util: 1	:invoke	:broadcast	33
2023-10-22 18:07:16,594{GMT}	INFO	[jepsen worker 1] jepsen.util: 1	:ok	:broadcast	33
2023-10-22 18:07:16,766{GMT}	INFO	[jepsen worker 2] jepsen.util: 2	:invoke	:broadcast	34
2023-10-22 18:07:16,767{GMT}	INFO	[jepsen worker 2] jepsen.util: 2	:ok	:broadcast	34
2023-10-22 18:07:16,907{GMT}	INFO	[jepsen worker 3] jepsen.util: 3	:invoke	:broadcast	35
2023-10-22 18:07:16,908{GMT}	INFO	[jepsen worker 3] jepsen.util: 3	:ok	:broadcast	35
2023-10-22 18:07:17,100{GMT}	INFO	[jepsen worker 4] jepsen.util: 4	:invoke	:broadcast	36
2023-10-22 18:07:17,101{GMT}	INFO	[jepsen worker 4] jepsen.util: 4	:ok	:broadcast	36
2023-10-22 18:07:17,131{GMT}	INFO	[jepsen worker 5] jepsen.util: 5	:invoke	:read	nil
2023-10-22 18:07:17,133{GMT}	INFO	[jepsen worker 5] jepsen.util: 5	:ok	:read	[0 16 2 19 8 27]
2023-10-22 18:07:17,232{GMT}	INFO	[jepsen worker 6] jepsen.util: 6	:invoke	:read	nil
2023-10-22 18:07:17,233{GMT}	INFO	[jepsen worker 6] jepsen.util: 6	:ok	:read	[0 9 20 17]
2023-10-22 18:07:17,327{GMT}	INFO	[jepsen worker 7] jepsen.util: 7	:invoke	:broadcast	37
2023-10-22 18:07:17,328{GMT}	INFO	[jepsen worker 7] jepsen.util: 7	:ok	:broadcast	37
2023-10-22 18:07:17,424{GMT}	INFO	[jepsen worker 8] jepsen.util: 8	:invoke	:read	nil
2023-10-22 18:07:17,425{GMT}	INFO	[jepsen worker 8] jepsen.util: 8	:ok	:read	[0 29 4 21]
2023-10-22 18:07:17,591{GMT}	INFO	[jepsen worker 9] jepsen.util: 9	:invoke	:broadcast	38
2023-10-22 18:07:17,593{GMT}	INFO	[jepsen worker 9] jepsen.util: 9	:ok	:broadcast	38
2023-10-22 18:07:17,667{GMT}	INFO	[jepsen worker 0] jepsen.util: 0	:invoke	:read	nil
2023-10-22 18:07:17,668{GMT}	INFO	[jepsen worker 0] jepsen.util: 0	:ok	:read	[0 32 5 24 11 12 31]
2023-10-22 18:07:17,760{GMT}	INFO	[jepsen worker 0] jepsen.util: 0	:invoke	:broadcast	39
2023-10-22 18:07:17,761{GMT}	INFO	[jepsen worker 0] jepsen.util: 0	:ok	:broadcast	39
2023-10-22 18:07:17,767{GMT}	INFO	[jepsen worker 1] jepsen.util: 1	:invoke	:read	nil
2023-10-22 18:07:17,768{GMT}	INFO	[jepsen worker 1] jepsen.util: 1	:ok	:read	[0 25 22 33]
2023-10-22 18:07:17,786{GMT}	INFO	[jepsen worker 2] jepsen.util: 2	:invoke	:broadcast	40
2023-10-22 18:07:17,787{GMT}	INFO	[jepsen worker 2] jepsen.util: 2	:ok	:broadcast	40
2023-10-22 18:07:17,941{GMT}	INFO	[jepsen worker 3] jepsen.util: 3	:invoke	:read	nil
2023-10-22 18:07:17,943{GMT}	INFO	[jepsen worker 3] jepsen.util: 3	:ok	:read	[0 1 18 35 6 14]
2023-10-22 18:07:18,099{GMT}	INFO	[jepsen worker 4] jepsen.util: 4	:invoke	:broadcast	41
2023-10-22 18:07:18,100{GMT}	INFO	[jepsen worker 4] jepsen.util: 4	:ok	:broadcast	41
2023-10-22 18:07:18,105{GMT}	INFO	[jepsen worker 5] jepsen.util: 5	:invoke	:read	nil
2023-10-22 18:07:18,106{GMT}	INFO	[jepsen worker 5] jepsen.util: 5	:ok	:read	[0 16 2 19 8 27]
2023-10-22 18:07:18,214{GMT}	INFO	[jepsen worker 6] jepsen.util: 6	:invoke	:broadcast	42
2023-10-22 18:07:18,215{GMT}	INFO	[jepsen worker 6] jepsen.util: 6	:ok	:broadcast	42
2023-10-22 18:07:18,238{GMT}	INFO	[jepsen worker 7] jepsen.util: 7	:invoke	:read	nil
2023-10-22 18:07:18,239{GMT}	INFO	[jepsen worker 7] jepsen.util: 7	:ok	:read	[0 3 28 37]
2023-10-22 18:07:18,302{GMT}	INFO	[jepsen worker 8] jepsen.util: 8	:invoke	:read	nil
2023-10-22 18:07:18,303{GMT}	INFO	[jepsen worker 8] jepsen.util: 8	:ok	:read	[0 29 4 21]
2023-10-22 18:07:18,420{GMT}	INFO	[jepsen worker 9] jepsen.util: 9	:invoke	:broadcast	43
2023-10-22 18:07:18,421{GMT}	INFO	[jepsen worker 9] jepsen.util: 9	:ok	:broadcast	43
2023-10-22 18:07:18,591{GMT}	INFO	[jepsen worker 0] jepsen.util: 0	:invoke	:broadcast	44
2023-10-22 18:07:18,593{GMT}	INFO	[jepsen worker 0] jepsen.util: 0	:ok	:broadcast	44
2023-10-22 18:07:18,728{GMT}	INFO	[jepsen worker 0] jepsen.util: 0	:invoke	:read	nil
2023-10-22 18:07:18,729{GMT}	INFO	[jepsen worker 0] jepsen.util: 0	:ok	:read	[0 32 5 39 11 12 44 24 31]
2023-10-22 18:07:18,905{GMT}	INFO	[jepsen worker 1] jepsen.util: 1	:invoke	:broadcast	45
2023-10-22 18:07:18,906{GMT}	INFO	[jepsen worker 1] jepsen.util: 1	:ok	:broadcast	45
2023-10-22 18:07:18,976{GMT}	INFO	[jepsen worker 2] jepsen.util: 2	:invoke	:broadcast	46
2023-10-22 18:07:18,977{GMT}	INFO	[jepsen worker 2] jepsen.util: 2	:ok	:broadcast	46
2023-10-22 18:07:19,007{GMT}	INFO	[jepsen worker 3] jepsen.util: 3	:invoke	:read	nil
2023-10-22 18:07:19,008{GMT}	INFO	[jepsen worker 3] jepsen.util: 3	:ok	:read	[0 1 18 35 6 14]
2023-10-22 18:07:19,101{GMT}	INFO	[jepsen worker 4] jepsen.util: 4	:invoke	:read	nil
2023-10-22 18:07:19,102{GMT}	INFO	[jepsen worker 4] jepsen.util: 4	:ok	:read	[0 36 7 41 15]
2023-10-22 18:07:19,261{GMT}	INFO	[jepsen worker 5] jepsen.util: 5	:invoke	:broadcast	47
2023-10-22 18:07:19,262{GMT}	INFO	[jepsen worker 5] jepsen.util: 5	:ok	:broadcast	47
2023-10-22 18:07:19,362{GMT}	INFO	[jepsen worker 6] jepsen.util: 6	:invoke	:read	nil
2023-10-22 18:07:19,363{GMT}	INFO	[jepsen worker 6] jepsen.util: 6	:ok	:read	[0 17 20 9 42]
2023-10-22 18:07:19,483{GMT}	INFO	[jepsen worker 7] jepsen.util: 7	:invoke	:broadcast	48
2023-10-22 18:07:19,484{GMT}	INFO	[jepsen worker 7] jepsen.util: 7	:ok	:broadcast	48
2023-10-22 18:07:19,568{GMT}	INFO	[jepsen worker 8] jepsen.util: 8	:invoke	:read	nil
2023-10-22 18:07:19,569{GMT}	INFO	[jepsen worker 8] jepsen.util: 8	:ok	:read	[0 29 4 21]
2023-10-22 18:07:19,679{GMT}	INFO	[jepsen worker 9] jepsen.util: 9	:invoke	:broadcast	49
2023-10-22 18:07:19,680{GMT}	INFO	[jepsen worker 9] jepsen.util: 9	:ok	:broadcast	49
2023-10-22 18:07:19,698{GMT}	INFO	[jepsen worker 0] jepsen.util: 0	:invoke	:broadcast	50
2023-10-22 18:07:19,699{GMT}	INFO	[jepsen worker 0] jepsen.util: 0	:ok	:broadcast	50
2023-10-22 18:07:19,753{GMT}	INFO	[jepsen worker 0] jepsen.util: 0	:invoke	:read	nil
2023-10-22 18:07:19,754{GMT}	INFO	[jepsen worker 0] jepsen.util: 0	:ok	:read	[0 32 5 39 11 12 44 50 24 31]
2023-10-22 18:07:19,921{GMT}	INFO	[jepsen worker 1] jepsen.util: 1	:invoke	:read	nil
2023-10-22 18:07:19,922{GMT}	INFO	[jepsen worker 1] jepsen.util: 1	:ok	:read	[0 33 22 25 45]
2023-10-22 18:07:20,085{GMT}	INFO	[jepsen worker 2] jepsen.util: 2	:invoke	:broadcast	51
2023-10-22 18:07:20,086{GMT}	INFO	[jepsen worker 2] jepsen.util: 2	:ok	:broadcast	51
2023-10-22 18:07:20,199{GMT}	INFO	[jepsen worker 3] jepsen.util: 3	:invoke	:broadcast	52
2023-10-22 18:07:20,200{GMT}	INFO	[jepsen worker 3] jepsen.util: 3	:ok	:broadcast	52
2023-10-22 18:07:20,251{GMT}	INFO	[jepsen worker 4] jepsen.util: 4	:invoke	:broadcast	53
2023-10-22 18:07:20,252{GMT}	INFO	[jepsen worker 4] jepsen.util: 4	:ok	:broadcast	53
2023-10-22 18:07:20,257{GMT}	INFO	[jepsen worker 5] jepsen.util: 5	:invoke	:broadcast	54
2023-10-22 18:07:20,258{GMT}	INFO	[jepsen worker 5] jepsen.util: 5	:ok	:broadcast	54
2023-10-22 18:07:20,394{GMT}	INFO	[jepsen worker 6] jepsen.util: 6	:invoke	:broadcast	55
2023-10-22 18:07:20,395{GMT}	INFO	[jepsen worker 6] jepsen.util: 6	:ok	:broadcast	55
2023-10-22 18:07:20,513{GMT}	INFO	[jepsen worker 7] jepsen.util: 7	:invoke	:read	nil
2023-10-22 18:07:20,514{GMT}	INFO	[jepsen worker 7] jepsen.util: 7	:ok	:read	[0 48 3 37 28]
2023-10-22 18:07:20,517{GMT}	INFO	[jepsen worker 8] jepsen.util: 8	:invoke	:broadcast	56
2023-10-22 18:07:20,517{GMT}	INFO	[jepsen worker 8] jepsen.util: 8	:ok	:broadcast	56
2023-10-22 18:07:20,566{GMT}	INFO	[jepsen worker 9] jepsen.util: 9	:invoke	:broadcast	57
2023-10-22 18:07:20,567{GMT}	INFO	[jepsen worker 9] jepsen.util: 9	:ok	:broadcast	57
2023-10-22 18:07:20,597{GMT}	INFO	[jepsen worker 0] jepsen.util: 0	:invoke	:broadcast	58
2023-10-22 18:07:20,598{GMT}	INFO	[jepsen worker 0] jepsen.util: 0	:ok	:broadcast	58
2023-10-22 18:07:20,609{GMT}	INFO	[jepsen worker 0] jepsen.util: 0	:invoke	:read	nil
2023-10-22 18:07:20,610{GMT}	INFO	[jepsen worker 0] jepsen.util: 0	:ok	:read	[0 32 5 39 11 12 44 50 24 58 31]
2023-10-22 18:07:20,611{GMT}	INFO	[jepsen worker 1] jepsen.util: 1	:invoke	:broadcast	59
2023-10-22 18:07:20,612{GMT}	INFO	[jepsen worker 1] jepsen.util: 1	:ok	:broadcast	59
2023-10-22 18:07:20,784{GMT}	INFO	[jepsen worker 2] jepsen.util: 2	:invoke	:read	nil
2023-10-22 18:07:20,785{GMT}	INFO	[jepsen worker 2] jepsen.util: 2	:ok	:read	[0 34 51 40 26 13 46]
2023-10-22 18:07:20,954{GMT}	INFO	[jepsen worker 3] jepsen.util: 3	:invoke	:read	nil
2023-10-22 18:07:20,955{GMT}	INFO	[jepsen worker 3] jepsen.util: 3	:ok	:read	[0 1 18 35 52 6 14]
2023-10-22 18:07:21,039{GMT}	INFO	[jepsen worker 4] jepsen.util: 4	:invoke	:read	nil
2023-10-22 18:07:21,040{GMT}	INFO	[jepsen worker 4] jepsen.util: 4	:ok	:read	[0 36 53 7 41 15]
2023-10-22 18:07:21,146{GMT}	INFO	[jepsen worker 5] jepsen.util: 5	:invoke	:read	nil
2023-10-22 18:07:21,147{GMT}	INFO	[jepsen worker 5] jepsen.util: 5	:ok	:read	[0 16 2 19 54 8 27 47]
2023-10-22 18:07:21,305{GMT}	INFO	[jepsen worker 6] jepsen.util: 6	:invoke	:read	nil
2023-10-22 18:07:21,306{GMT}	INFO	[jepsen worker 6] jepsen.util: 6	:ok	:read	[0 17 20 55 9 42]
2023-10-22 18:07:21,311{GMT}	INFO	[jepsen worker 7] jepsen.util: 7	:invoke	:read	nil
2023-10-22 18:07:21,312{GMT}	INFO	[jepsen worker 7] jepsen.util: 7	:ok	:read	[0 48 3 37 28]
2023-10-22 18:07:21,356{GMT}	INFO	[jepsen worker 8] jepsen.util: 8	:invoke	:broadcast	60
2023-10-22 18:07:21,357{GMT}	INFO	[jepsen worker 8] jepsen.util: 8	:ok	:broadcast	60
2023-10-22 18:07:21,528{GMT}	INFO	[jepsen worker 9] jepsen.util: 9	:invoke	:broadcast	61
2023-10-22 18:07:21,529{GMT}	INFO	[jepsen worker 9] jepsen.util: 9	:ok	:broadcast	61
2023-10-22 18:07:21,561{GMT}	INFO	[jepsen worker 0] jepsen.util: 0	:invoke	:read	nil
2023-10-22 18:07:21,563{GMT}	INFO	[jepsen worker 0] jepsen.util: 0	:ok	:read	[0 32 5 39 11 12 44 50 24 58 31]
2023-10-22 18:07:21,723{GMT}	INFO	[jepsen worker 0] jepsen.util: 0	:invoke	:broadcast	62
2023-10-22 18:07:21,724{GMT}	INFO	[jepsen worker 0] jepsen.util: 0	:ok	:broadcast	62
2023-10-22 18:07:21,904{GMT}	INFO	[jepsen worker 1] jepsen.util: 1	:invoke	:read	nil
2023-10-22 18:07:21,905{GMT}	INFO	[jepsen worker 1] jepsen.util: 1	:ok	:read	[0 33 22 25 59 45]
2023-10-22 18:07:22,016{GMT}	INFO	[jepsen worker 2] jepsen.util: 2	:invoke	:broadcast	63
2023-10-22 18:07:22,017{GMT}	INFO	[jepsen worker 2] jepsen.util: 2	:ok	:broadcast	63
2023-10-22 18:07:22,064{GMT}	INFO	[jepsen worker 3] jepsen.util: 3	:invoke	:read	nil
2023-10-22 18:07:22,065{GMT}	INFO	[jepsen worker 3] jepsen.util: 3	:ok	:read	[0 1 18 35 52 6 14]
2023-10-22 18:07:22,190{GMT}	INFO	[jepsen worker 4] jepsen.util: 4	:invoke	:broadcast	64
2023-10-22 18:07:22,191{GMT}	INFO	[jepsen worker 4] jepsen.util: 4	:ok	:broadcast	64
2023-10-22 18:07:22,358{GMT}	INFO	[jepsen worker 5] jepsen.util: 5	:invoke	:read	nil
2023-10-22 18:07:22,359{GMT}	INFO	[jepsen worker 5] jepsen.util: 5	:ok	:read	[0 16 2 19 54 8 27 47]
2023-10-22 18:07:22,388{GMT}	INFO	[jepsen worker 6] jepsen.util: 6	:invoke	:read	nil
2023-10-22 18:07:22,389{GMT}	INFO	[jepsen worker 6] jepsen.util: 6	:ok	:read	[0 17 20 55 9 42]
2023-10-22 18:07:22,506{GMT}	INFO	[jepsen worker 7] jepsen.util: 7	:invoke	:read	nil
2023-10-22 18:07:22,508{GMT}	INFO	[jepsen worker 7] jepsen.util: 7	:ok	:read	[0 48 3 37 28]
2023-10-22 18:07:22,512{GMT}	INFO	[jepsen worker 8] jepsen.util: 8	:invoke	:broadcast	65
2023-10-22 18:07:22,513{GMT}	INFO	[jepsen worker 8] jepsen.util: 8	:ok	:broadcast	65
2023-10-22 18:07:22,642{GMT}	INFO	[jepsen worker 9] jepsen.util: 9	:invoke	:read	nil
2023-10-22 18:07:22,643{GMT}	INFO	[jepsen worker 9] jepsen.util: 9	:ok	:read	[0 38 10 43 49 23 57 61 30]
2023-10-22 18:07:22,828{GMT}	INFO	[jepsen worker 0] jepsen.util: 0	:invoke	:broadcast	66
2023-10-22 18:07:22,829{GMT}	INFO	[jepsen worker 0] jepsen.util: 0	:ok	:broadcast	66
2023-10-22 18:07:22,932{GMT}	INFO	[jepsen worker 0] jepsen.util: 0	:invoke	:read	nil
2023-10-22 18:07:22,933{GMT}	INFO	[jepsen worker 0] jepsen.util: 0	:ok	:read	[0 32 66 5 39 11 12 44 50 24 58 62 31]
2023-10-22 18:07:23,053{GMT}	INFO	[jepsen worker 1] jepsen.util: 1	:invoke	:read	nil
2023-10-22 18:07:23,054{GMT}	INFO	[jepsen worker 1] jepsen.util: 1	:ok	:read	[0 33 22 25 59 45]
2023-10-22 18:07:23,201{GMT}	INFO	[jepsen worker 2] jepsen.util: 2	:invoke	:read	nil
2023-10-22 18:07:23,202{GMT}	INFO	[jepsen worker 2] jepsen.util: 2	:ok	:read	[0 34 51 40 26 13 46 63]
2023-10-22 18:07:23,221{GMT}	INFO	[jepsen worker 3] jepsen.util: 3	:invoke	:read	nil
2023-10-22 18:07:23,222{GMT}	INFO	[jepsen worker 3] jepsen.util: 3	:ok	:read	[0 1 18 35 52 6 14]
2023-10-22 18:07:23,366{GMT}	INFO	[jepsen worker 4] jepsen.util: 4	:invoke	:broadcast	67
2023-10-22 18:07:23,367{GMT}	INFO	[jepsen worker 4] jepsen.util: 4	:ok	:broadcast	67
2023-10-22 18:07:23,417{GMT}	INFO	[jepsen worker 5] jepsen.util: 5	:invoke	:broadcast	68
2023-10-22 18:07:23,418{GMT}	INFO	[jepsen worker 5] jepsen.util: 5	:ok	:broadcast	68
2023-10-22 18:07:23,437{GMT}	INFO	[jepsen worker 6] jepsen.util: 6	:invoke	:broadcast	69
2023-10-22 18:07:23,438{GMT}	INFO	[jepsen worker 6] jepsen.util: 6	:ok	:broadcast	69
2023-10-22 18:07:23,461{GMT}	INFO	[jepsen worker 7] jepsen.util: 7	:invoke	:broadcast	70
2023-10-22 18:07:23,462{GMT}	INFO	[jepsen worker 7] jepsen.util: 7	:ok	:broadcast	70
2023-10-22 18:07:23,510{GMT}	INFO	[jepsen worker 8] jepsen.util: 8	:invoke	:broadcast	71
2023-10-22 18:07:23,511{GMT}	INFO	[jepsen worker 8] jepsen.util: 8	:ok	:broadcast	71
2023-10-22 18:07:23,641{GMT}	INFO	[jepsen worker 9] jepsen.util: 9	:invoke	:read	nil
2023-10-22 18:07:23,642{GMT}	INFO	[jepsen worker 9] jepsen.util: 9	:ok	:read	[0 38 10 43 49 23 57 61 30]
2023-10-22 18:07:23,711{GMT}	INFO	[jepsen worker 0] jepsen.util: 0	:invoke	:broadcast	72
2023-10-22 18:07:23,712{GMT}	INFO	[jepsen worker 0] jepsen.util: 0	:ok	:broadcast	72
2023-10-22 18:07:23,775{GMT}	INFO	[jepsen worker 0] jepsen.util: 0	:invoke	:read	nil
2023-10-22 18:07:23,776{GMT}	INFO	[jepsen worker 0] jepsen.util: 0	:ok	:read	[0 32 66 5 39 72 11 12 44 50 24 58 62 31]
2023-10-22 18:07:23,899{GMT}	INFO	[jepsen worker 1] jepsen.util: 1	:invoke	:broadcast	73
2023-10-22 18:07:23,900{GMT}	INFO	[jepsen worker 2] jepsen.util: 2	:invoke	:read	nil
2023-10-22 18:07:23,900{GMT}	INFO	[jepsen worker 1] jepsen.util: 1	:ok	:broadcast	73
2023-10-22 18:07:23,900{GMT}	INFO	[jepsen worker 2] jepsen.util: 2	:ok	:read	[0 34 51 40 26 13 46 63]
2023-10-22 18:07:24,075{GMT}	INFO	[jepsen worker 3] jepsen.util: 3	:invoke	:read	nil
2023-10-22 18:07:24,076{GMT}	INFO	[jepsen worker 3] jepsen.util: 3	:ok	:read	[0 1 18 35 52 6 14]
2023-10-22 18:07:24,229{GMT}	INFO	[jepsen worker 4] jepsen.util: 4	:invoke	:broadcast	74
2023-10-22 18:07:24,230{GMT}	INFO	[jepsen worker 4] jepsen.util: 4	:ok	:broadcast	74
2023-10-22 18:07:24,288{GMT}	INFO	[jepsen worker 5] jepsen.util: 5	:invoke	:read	nil
2023-10-22 18:07:24,289{GMT}	INFO	[jepsen worker 5] jepsen.util: 5	:ok	:read	[0 2 68 8 47 16 19 54 27]
2023-10-22 18:07:24,289{GMT}	INFO	[jepsen worker 6] jepsen.util: 6	:invoke	:read	nil
2023-10-22 18:07:24,290{GMT}	INFO	[jepsen worker 6] jepsen.util: 6	:ok	:read	[0 17 20 69 55 9 42]
2023-10-22 18:07:24,463{GMT}	INFO	[jepsen worker 7] jepsen.util: 7	:invoke	:read	nil
2023-10-22 18:07:24,464{GMT}	INFO	[jepsen worker 7] jepsen.util: 7	:ok	:read	[0 48 3 37 70 28]
2023-10-22 18:07:24,537{GMT}	INFO	[jepsen worker 8] jepsen.util: 8	:invoke	:read	nil
2023-10-22 18:07:24,538{GMT}	INFO	[jepsen worker 8] jepsen.util: 8	:ok	:read	[0 65 4 21 71 56 60 29]
2023-10-22 18:07:24,604{GMT}	INFO	[jepsen worker 9] jepsen.util: 9	:invoke	:read	nil
2023-10-22 18:07:24,605{GMT}	INFO	[jepsen worker 9] jepsen.util: 9	:ok	:read	[0 38 10 43 49 23 57 61 30]
2023-10-22 18:07:24,626{GMT}	INFO	[jepsen worker 0] jepsen.util: 0	:invoke	:broadcast	75
2023-10-22 18:07:24,627{GMT}	INFO	[jepsen worker 0] jepsen.util: 0	:ok	:broadcast	75
2023-10-22 18:07:24,655{GMT}	INFO	[jepsen worker 0] jepsen.util: 0	:invoke	:read	nil
2023-10-22 18:07:24,657{GMT}	INFO	[jepsen worker 0] jepsen.util: 0	:ok	:read	[0 32 66 5 39 72 11 12 44 75 50 24 58 62 31]
2023-10-22 18:07:24,701{GMT}	INFO	[jepsen worker 1] jepsen.util: 1	:invoke	:broadcast	76
2023-10-22 18:07:24,701{GMT}	INFO	[jepsen worker 1] jepsen.util: 1	:ok	:broadcast	76
2023-10-22 18:07:24,761{GMT}	INFO	[jepsen worker 2] jepsen.util: 2	:invoke	:broadcast	77
2023-10-22 18:07:24,762{GMT}	INFO	[jepsen worker 2] jepsen.util: 2	:ok	:broadcast	77
2023-10-22 18:07:24,958{GMT}	INFO	[jepsen worker 3] jepsen.util: 3	:invoke	:read	nil
2023-10-22 18:07:24,958{GMT}	INFO	[jepsen worker 3] jepsen.util: 3	:ok	:read	[0 1 18 35 52 6 14]
2023-10-22 18:07:25,057{GMT}	INFO	[jepsen worker 4] jepsen.util: 4	:invoke	:broadcast	78
2023-10-22 18:07:25,058{GMT}	INFO	[jepsen worker 4] jepsen.util: 4	:ok	:broadcast	78
2023-10-22 18:07:25,109{GMT}	INFO	[jepsen worker 5] jepsen.util: 5	:invoke	:read	nil
2023-10-22 18:07:25,110{GMT}	INFO	[jepsen worker 5] jepsen.util: 5	:ok	:read	[0 2 68 8 47 16 19 54 27]
2023-10-22 18:07:25,201{GMT}	INFO	[jepsen worker 6] jepsen.util: 6	:invoke	:broadcast	79
2023-10-22 18:07:25,202{GMT}	INFO	[jepsen worker 6] jepsen.util: 6	:ok	:broadcast	79
2023-10-22 18:07:25,253{GMT}	INFO	[jepsen worker 7] jepsen.util: 7	:invoke	:read	nil
2023-10-22 18:07:25,254{GMT}	INFO	[jepsen worker 7] jepsen.util: 7	:ok	:read	[0 48 3 37 70 28]
2023-10-22 18:07:25,353{GMT}	INFO	[jepsen worker 8] jepsen.util: 8	:invoke	:read	nil
2023-10-22 18:07:25,354{GMT}	INFO	[jepsen worker 8] jepsen.util: 8	:ok	:read	[0 65 4 21 71 56 60 29]
2023-10-22 18:07:25,365{GMT}	INFO	[jepsen worker 9] jepsen.util: 9	:invoke	:broadcast	80
2023-10-22 18:07:25,366{GMT}	INFO	[jepsen worker 9] jepsen.util: 9	:ok	:broadcast	80
2023-10-22 18:07:25,403{GMT}	INFO	[jepsen worker 0] jepsen.util: 0	:invoke	:broadcast	81
2023-10-22 18:07:25,404{GMT}	INFO	[jepsen worker 0] jepsen.util: 0	:ok	:broadcast	81
2023-10-22 18:07:25,506{GMT}	INFO	[jepsen worker 0] jepsen.util: 0	:invoke	:read	nil
2023-10-22 18:07:25,507{GMT}	INFO	[jepsen worker 0] jepsen.util: 0	:ok	:read	[0 32 66 5 39 72 11 12 44 75 81 50 24 58 62 31]
2023-10-22 18:07:25,624{GMT}	INFO	[jepsen worker 1] jepsen.util: 1	:invoke	:broadcast	82
2023-10-22 18:07:25,624{GMT}	INFO	[jepsen worker 2] jepsen.util: 2	:invoke	:broadcast	83
2023-10-22 18:07:25,625{GMT}	INFO	[jepsen worker 1] jepsen.util: 1	:ok	:broadcast	82
2023-10-22 18:07:25,625{GMT}	INFO	[jepsen worker 2] jepsen.util: 2	:ok	:broadcast	83
2023-10-22 18:07:25,729{GMT}	INFO	[jepsen worker 3] jepsen.util: 3	:invoke	:read	nil
2023-10-22 18:07:25,730{GMT}	INFO	[jepsen worker 3] jepsen.util: 3	:ok	:read	[0 1 18 35 52 6 14]
2023-10-22 18:07:25,833{GMT}	INFO	[jepsen worker 4] jepsen.util: 4	:invoke	:read	nil
2023-10-22 18:07:25,834{GMT}	INFO	[jepsen worker 4] jepsen.util: 4	:ok	:read	[0 64 67 36 7 41 74 78 15 53]
2023-10-22 18:07:25,861{GMT}	INFO	[jepsen worker 5] jepsen.util: 5	:invoke	:broadcast	84
2023-10-22 18:07:25,861{GMT}	INFO	[jepsen worker 5] jepsen.util: 5	:ok	:broadcast	84
2023-10-22 18:07:25,983{GMT}	INFO	[jepsen worker 6] jepsen.util: 6	:invoke	:broadcast	85
2023-10-22 18:07:25,983{GMT}	INFO	[jepsen worker 6] jepsen.util: 6	:ok	:broadcast	85
2023-10-22 18:07:26,125{GMT}	INFO	[jepsen worker 7] jepsen.util: 7	:invoke	:broadcast	86
2023-10-22 18:07:26,126{GMT}	INFO	[jepsen worker 7] jepsen.util: 7	:ok	:broadcast	86
2023-10-22 18:07:26,263{GMT}	INFO	[jepsen worker 8] jepsen.util: 8	:invoke	:broadcast	87
2023-10-22 18:07:26,264{GMT}	INFO	[jepsen worker 8] jepsen.util: 8	:ok	:broadcast	87
2023-10-22 18:07:26,375{GMT}	INFO	[jepsen worker 9] jepsen.util: 9	:invoke	:read	nil
2023-10-22 18:07:26,376{GMT}	INFO	[jepsen worker 9] jepsen.util: 9	:ok	:read	[0 38 10 43 80 49 23 57 61 30]
2023-10-22 18:07:26,404{GMT}	INFO	[jepsen worker 0] jepsen.util: 0	:invoke	:read	nil
2023-10-22 18:07:26,405{GMT}	INFO	[jepsen worker 0] jepsen.util: 0	:ok	:read	[0 32 66 5 39 72 11 12 44 75 81 50 24 58 62 31]
2023-10-22 18:07:26,432{GMT}	INFO	[jepsen worker 0] jepsen.util: 0	:invoke	:read	nil
2023-10-22 18:07:26,433{GMT}	INFO	[jepsen worker 0] jepsen.util: 0	:ok	:read	[0 32 66 5 39 72 11 12 44 75 81 50 24 58 62 31]
2023-10-22 18:07:26,604{GMT}	INFO	[jepsen worker 1] jepsen.util: 1	:invoke	:broadcast	88
2023-10-22 18:07:26,605{GMT}	INFO	[jepsen worker 1] jepsen.util: 1	:ok	:broadcast	88
2023-10-22 18:07:26,717{GMT}	INFO	[jepsen worker 2] jepsen.util: 2	:invoke	:broadcast	89
2023-10-22 18:07:26,718{GMT}	INFO	[jepsen worker 2] jepsen.util: 2	:ok	:broadcast	89
2023-10-22 18:07:26,817{GMT}	INFO	[jepsen worker 3] jepsen.util: 3	:invoke	:read	nil
2023-10-22 18:07:26,818{GMT}	INFO	[jepsen worker 3] jepsen.util: 3	:ok	:read	[0 1 18 35 52 6 14]
2023-10-22 18:07:27,016{GMT}	INFO	[jepsen worker 4] jepsen.util: 4	:invoke	:broadcast	90
2023-10-22 18:07:27,017{GMT}	INFO	[jepsen worker 4] jepsen.util: 4	:ok	:broadcast	90
2023-10-22 18:07:27,066{GMT}	INFO	[jepsen worker 5] jepsen.util: 5	:invoke	:broadcast	91
2023-10-22 18:07:27,067{GMT}	INFO	[jepsen worker 5] jepsen.util: 5	:ok	:broadcast	91
2023-10-22 18:07:27,212{GMT}	INFO	[jepsen worker 6] jepsen.util: 6	:invoke	:broadcast	92
2023-10-22 18:07:27,213{GMT}	INFO	[jepsen worker 6] jepsen.util: 6	:ok	:broadcast	92
2023-10-22 18:07:27,269{GMT}	INFO	[jepsen worker 7] jepsen.util: 7	:invoke	:broadcast	93
2023-10-22 18:07:27,271{GMT}	INFO	[jepsen worker 7] jepsen.util: 7	:ok	:broadcast	93
2023-10-22 18:07:27,333{GMT}	INFO	[jepsen worker 8] jepsen.util: 8	:invoke	:broadcast	94
2023-10-22 18:07:27,334{GMT}	INFO	[jepsen worker 8] jepsen.util: 8	:ok	:broadcast	94
2023-10-22 18:07:27,473{GMT}	INFO	[jepsen worker 9] jepsen.util: 9	:invoke	:broadcast	95
2023-10-22 18:07:27,474{GMT}	INFO	[jepsen worker 9] jepsen.util: 9	:ok	:broadcast	95
2023-10-22 18:07:27,532{GMT}	INFO	[jepsen worker 0] jepsen.util: 0	:invoke	:broadcast	96
2023-10-22 18:07:27,533{GMT}	INFO	[jepsen worker 0] jepsen.util: 0	:ok	:broadcast	96
2023-10-22 18:07:27,571{GMT}	INFO	[jepsen worker 0] jepsen.util: 0	:invoke	:broadcast	97
2023-10-22 18:07:27,571{GMT}	INFO	[jepsen worker 0] jepsen.util: 0	:ok	:broadcast	97
2023-10-22 18:07:27,580{GMT}	INFO	[jepsen worker 1] jepsen.util: 1	:invoke	:broadcast	98
2023-10-22 18:07:27,580{GMT}	INFO	[jepsen worker 1] jepsen.util: 1	:ok	:broadcast	98
2023-10-22 18:07:27,612{GMT}	INFO	[jepsen worker 2] jepsen.util: 2	:invoke	:broadcast	99
2023-10-22 18:07:27,613{GMT}	INFO	[jepsen worker 2] jepsen.util: 2	:ok	:broadcast	99
2023-10-22 18:07:27,652{GMT}	INFO	[jepsen worker 3] jepsen.util: 3	:invoke	:broadcast	100
2023-10-22 18:07:27,654{GMT}	INFO	[jepsen worker 3] jepsen.util: 3	:ok	:broadcast	100
2023-10-22 18:07:27,775{GMT}	INFO	[jepsen worker 4] jepsen.util: 4	:invoke	:read	nil
2023-10-22 18:07:27,776{GMT}	INFO	[jepsen worker 4] jepsen.util: 4	:ok	:read	[0 64 67 36 7 41 74 78 15 53 90]
2023-10-22 18:07:27,815{GMT}	INFO	[jepsen worker 5] jepsen.util: 5	:invoke	:read	nil
2023-10-22 18:07:27,816{GMT}	INFO	[jepsen worker 5] jepsen.util: 5	:ok	:read	[0 2 68 8 91 47 16 19 84 54 27]
2023-10-22 18:07:27,901{GMT}	INFO	[jepsen worker 6] jepsen.util: 6	:invoke	:broadcast	101
2023-10-22 18:07:27,902{GMT}	INFO	[jepsen worker 6] jepsen.util: 6	:ok	:broadcast	101
2023-10-22 18:07:27,980{GMT}	INFO	[jepsen worker 7] jepsen.util: 7	:invoke	:read	nil
2023-10-22 18:07:27,981{GMT}	INFO	[jepsen worker 7] jepsen.util: 7	:ok	:read	[0 48 3 37 70 86 28 93]
2023-10-22 18:07:28,078{GMT}	INFO	[jepsen worker 8] jepsen.util: 8	:invoke	:broadcast	102
2023-10-22 18:07:28,079{GMT}	INFO	[jepsen worker 8] jepsen.util: 8	:ok	:broadcast	102
2023-10-22 18:07:28,137{GMT}	INFO	[jepsen worker 9] jepsen.util: 9	:invoke	:read	nil
2023-10-22 18:07:28,138{GMT}	INFO	[jepsen worker 9] jepsen.util: 9	:ok	:read	[0 38 10 43 80 49 23 57 61 30 95]
2023-10-22 18:07:28,163{GMT}	INFO	[jepsen worker 0] jepsen.util: 0	:invoke	:broadcast	103
2023-10-22 18:07:28,164{GMT}	INFO	[jepsen worker 0] jepsen.util: 0	:ok	:broadcast	103
2023-10-22 18:07:28,237{GMT}	INFO	[jepsen worker 0] jepsen.util: 0	:invoke	:read	nil
2023-10-22 18:07:28,238{GMT}	INFO	[jepsen worker 0] jepsen.util: 0	:ok	:read	[0 66 5 72 11 12 75 81 24 31 32 96 97 39 103 44 50 58 62]
2023-10-22 18:07:28,325{GMT}	INFO	[jepsen worker 1] jepsen.util: 1	:invoke	:broadcast	104
2023-10-22 18:07:28,326{GMT}	INFO	[jepsen worker 1] jepsen.util: 1	:ok	:broadcast	104
2023-10-22 18:07:28,326{GMT}	INFO	[jepsen worker 2] jepsen.util: 2	:invoke	:read	nil
2023-10-22 18:07:28,327{GMT}	INFO	[jepsen worker 2] jepsen.util: 2	:ok	:read	[0 34 99 40 13 46 77 51 83 89 26 63]
2023-10-22 18:07:28,516{GMT}	INFO	[jepsen worker 3] jepsen.util: 3	:invoke	:read	nil
2023-10-22 18:07:28,517{GMT}	INFO	[jepsen worker 3] jepsen.util: 3	:ok	:read	[0 1 18 35 52 100 6 14]
2023-10-22 18:07:28,713{GMT}	INFO	[jepsen worker 4] jepsen.util: 4	:invoke	:read	nil
2023-10-22 18:07:28,714{GMT}	INFO	[jepsen worker 4] jepsen.util: 4	:ok	:read	[0 64 67 36 7 41 74 78 15 53 90]
2023-10-22 18:07:28,732{GMT}	INFO	[jepsen worker 5] jepsen.util: 5	:invoke	:read	nil
2023-10-22 18:07:28,733{GMT}	INFO	[jepsen worker 5] jepsen.util: 5	:ok	:read	[0 2 68 8 91 47 16 19 84 54 27]
2023-10-22 18:07:28,756{GMT}	INFO	[jepsen worker 6] jepsen.util: 6	:invoke	:broadcast	105
2023-10-22 18:07:28,757{GMT}	INFO	[jepsen worker 6] jepsen.util: 6	:ok	:broadcast	105
2023-10-22 18:07:28,780{GMT}	INFO	[jepsen worker 7] jepsen.util: 7	:invoke	:read	nil
2023-10-22 18:07:28,781{GMT}	INFO	[jepsen worker 7] jepsen.util: 7	:ok	:read	[0 48 3 37 70 86 28 93]
2023-10-22 18:07:28,876{GMT}	INFO	[jepsen worker 8] jepsen.util: 8	:invoke	:read	nil
2023-10-22 18:07:28,877{GMT}	INFO	[jepsen worker 8] jepsen.util: 8	:ok	:read	[0 65 4 102 71 21 87 56 60 29 94]
2023-10-22 18:07:29,023{GMT}	INFO	[jepsen worker 9] jepsen.util: 9	:invoke	:broadcast	106
2023-10-22 18:07:29,024{GMT}	INFO	[jepsen worker 9] jepsen.util: 9	:ok	:broadcast	106
2023-10-22 18:07:29,158{GMT}	INFO	[jepsen worker 0] jepsen.util: 0	:invoke	:read	nil
2023-10-22 18:07:29,159{GMT}	INFO	[jepsen worker 0] jepsen.util: 0	:ok	:read	[0 66 5 72 11 12 75 81 24 31 32 96 97 39 103 44 50 58 62]
2023-10-22 18:07:29,194{GMT}	INFO	[jepsen worker 0] jepsen.util: 0	:invoke	:read	nil
2023-10-22 18:07:29,195{GMT}	INFO	[jepsen worker 0] jepsen.util: 0	:ok	:read	[0 66 5 72 11 12 75 81 24 31 32 96 97 39 103 44 50 58 62]
2023-10-22 18:07:29,353{GMT}	INFO	[jepsen worker 1] jepsen.util: 1	:invoke	:read	nil
2023-10-22 18:07:29,354{GMT}	INFO	[jepsen worker 1] jepsen.util: 1	:ok	:read	[0 33 98 104 73 76 45 82 22 88 25 59]
2023-10-22 18:07:29,378{GMT}	INFO	[jepsen worker 2] jepsen.util: 2	:invoke	:read	nil
2023-10-22 18:07:29,379{GMT}	INFO	[jepsen worker 2] jepsen.util: 2	:ok	:read	[0 34 99 40 13 46 77 51 83 89 26 63]
2023-10-22 18:07:29,379{GMT}	INFO	[jepsen worker 3] jepsen.generator.interpreter: Waiting for recovery...
2023-10-22 18:07:39,380{GMT}	INFO	[jepsen worker 9] jepsen.util: 9	:invoke	:read	nil
2023-10-22 18:07:39,380{GMT}	INFO	[jepsen worker 0] jepsen.util: 0	:invoke	:read	nil
2023-10-22 18:07:39,380{GMT}	INFO	[jepsen worker 3] jepsen.util: 3	:invoke	:read	nil
2023-10-22 18:07:39,380{GMT}	INFO	[jepsen worker 2] jepsen.util: 2	:invoke	:read	nil
2023-10-22 18:07:39,380{GMT}	INFO	[jepsen worker 1] jepsen.util: 1	:invoke	:read	nil
2023-10-22 18:07:39,380{GMT}	INFO	[jepsen worker 5] jepsen.util: 5	:invoke	:read	nil
2023-10-22 18:07:39,380{GMT}	INFO	[jepsen worker 8] jepsen.util: 8	:invoke	:read	nil
2023-10-22 18:07:39,380{GMT}	INFO	[jepsen worker 6] jepsen.util: 6	:invoke	:read	nil
2023-10-22 18:07:39,380{GMT}	INFO	[jepsen worker 7] jepsen.util: 7	:invoke	:read	nil
2023-10-22 18:07:39,381{GMT}	INFO	[jepsen worker 4] jepsen.util: 4	:invoke	:read	nil
2023-10-22 18:07:39,382{GMT}	INFO	[jepsen worker 4] jepsen.util: 4	:ok	:read	[0 64 67 36 7 41 74 78 15 53 90]
2023-10-22 18:07:39,382{GMT}	INFO	[jepsen worker 3] jepsen.util: 3	:ok	:read	[0 1 18 35 52 100 6 14]
2023-10-22 18:07:39,382{GMT}	INFO	[jepsen worker 5] jepsen.util: 5	:ok	:read	[0 2 68 8 91 47 16 19 84 54 27]
2023-10-22 18:07:39,382{GMT}	INFO	[jepsen worker 1] jepsen.util: 1	:ok	:read	[0 33 98 104 73 76 45 82 22 88 25 59]
2023-10-22 18:07:39,382{GMT}	INFO	[jepsen worker 6] jepsen.util: 6	:ok	:read	[0 69 101 9 42 105 79 17 20 85 55 92]
2023-10-22 18:07:39,382{GMT}	INFO	[jepsen worker 9] jepsen.util: 9	:ok	:read	[0 38 10 43 106 80 49 23 57 61 30 95]
2023-10-22 18:07:39,382{GMT}	INFO	[jepsen worker 7] jepsen.util: 7	:ok	:read	[0 48 3 37 70 86 28 93]
2023-10-22 18:07:39,382{GMT}	INFO	[jepsen worker 0] jepsen.util: 0	:ok	:read	[0 66 5 72 11 12 75 81 24 31 32 96 97 39 103 44 50 58 62]
2023-10-22 18:07:39,382{GMT}	INFO	[jepsen worker 2] jepsen.util: 2	:ok	:read	[0 34 99 40 13 46 77 51 83 89 26 63]
2023-10-22 18:07:39,382{GMT}	INFO	[jepsen worker 8] jepsen.util: 8	:ok	:read	[0 65 4 102 71 21 87 56 60 29 94]
2023-10-22 18:07:39,395{GMT}	INFO	[jepsen test runner] jepsen.core: Run complete, writing
2023-10-22 18:07:39,426{GMT}	INFO	[jepsen node n1] maelstrom.db: Tearing down n1
2023-10-22 18:07:39,426{GMT}	INFO	[jepsen node n0] maelstrom.db: Tearing down n0
2023-10-22 18:07:39,426{GMT}	INFO	[jepsen node n2] maelstrom.db: Tearing down n2
2023-10-22 18:07:39,427{GMT}	INFO	[jepsen node n3] maelstrom.db: Tearing down n3
2023-10-22 18:07:39,427{GMT}	INFO	[jepsen node n4] maelstrom.db: Tearing down n4
2023-10-22 18:07:39,427{GMT}	INFO	[jepsen node n5] maelstrom.db: Tearing down n5
2023-10-22 18:07:39,427{GMT}	INFO	[jepsen node n6] maelstrom.db: Tearing down n6
2023-10-22 18:07:39,427{GMT}	INFO	[jepsen node n8] maelstrom.db: Tearing down n8
2023-10-22 18:07:39,427{GMT}	INFO	[jepsen node n9] maelstrom.db: Tearing down n9
2023-10-22 18:07:39,427{GMT}	INFO	[jepsen node n7] maelstrom.db: Tearing down n7
2023-10-22 18:07:41,379{GMT}	INFO	[jepsen node n0] maelstrom.net: Shutting down Maelstrom network
2023-10-22 18:07:41,380{GMT}	INFO	[jepsen test runner] jepsen.core: Analyzing...
2023-10-22 18:07:41,523{GMT}	INFO	[jepsen test runner] jepsen.core: Analysis complete
2023-10-22 18:07:41,538{GMT}	INFO	[jepsen results] jepsen.store: Wrote /home/tropicaldog17/distributed/dist-sys-chall/python/store/broadcast/20231022T180708.018+0700/results.edn
2023-10-22 18:07:41,554{GMT}	INFO	[jepsen test runner] jepsen.core: {:perf {:latency-graph {:valid? true},
        :rate-graph {:valid? true},
        :valid? true},
 :timeline {:valid? true},
 :exceptions {:valid? true},
 :stats {:valid? true,
         :count 222,
         :ok-count 222,
         :fail-count 0,
         :info-count 0,
         :by-f {:broadcast {:valid? true,
                            :count 107,
                            :ok-count 107,
                            :fail-count 0,
                            :info-count 0},
                :read {:valid? true,
                       :count 115,
                       :ok-count 115,
                       :fail-count 0,
                       :info-count 0}}},
 :availability {:valid? true, :ok-fraction 1.0},
 :net {:all {:send-count 536,
             :recv-count 536,
             :msg-count 536,
             :msgs-per-op 2.4144144},
       :clients {:send-count 484, :recv-count 484, :msg-count 484},
       :servers {:send-count 52,
                 :recv-count 52,
                 :msg-count 52,
                 :msgs-per-op 0.23423423},
       :valid? true},
 :workload {:worst-stale ({:element 7,
                           :outcome :stable,
                           :stable-latency 28499,
                           :lost-latency nil,
                           :known #jepsen.history.Op{:index 31,
                                                     :time 1436088734,
                                                     :type :ok,
                                                     :process 4,
                                                     :f :add,
                                                     :value 7},
                           :last-absent #jepsen.history.Op{:index 432,
                                                           :time 29935299069,
                                                           :type :invoke,
                                                           :process 7,
                                                           :f :read,
                                                           :value nil,
                                                           :final? true}}
                          {:element 15,
                           :outcome :stable,
                           :stable-latency 27294,
                           :lost-latency nil,
                           :known #jepsen.history.Op{:index 53,
                                                     :time 2641167992,
                                                     :type :ok,
                                                     :process 4,
                                                     :f :add,
                                                     :value 15},
                           :last-absent #jepsen.history.Op{:index 432,
                                                           :time 29935299069,
                                                           :type :invoke,
                                                           :process 7,
                                                           :f :read,
                                                           :value nil,
                                                           :final? true}}
                          {:element 36,
                           :outcome :stable,
                           :stable-latency 22279,
                           :lost-latency nil,
                           :known #jepsen.history.Op{:index 141,
                                                     :time 7656230651,
                                                     :type :ok,
                                                     :process 4,
                                                     :f :add,
                                                     :value 36},
                           :last-absent #jepsen.history.Op{:index 432,
                                                           :time 29935299069,
                                                           :type :invoke,
                                                           :process 7,
                                                           :f :read,
                                                           :value nil,
                                                           :final? true}}
                          {:element 41,
                           :outcome :stable,
                           :stable-latency 21280,
                           :lost-latency nil,
                           :known #jepsen.history.Op{:index 163,
                                                     :time 8655125326,
                                                     :type :ok,
                                                     :process 4,
                                                     :f :add,
                                                     :value 41},
                           :last-absent #jepsen.history.Op{:index 432,
                                                           :time 29935299069,
                                                           :type :invoke,
                                                           :process 7,
                                                           :f :read,
                                                           :value nil,
                                                           :final? true}}
                          {:element 53,
                           :outcome :stable,
                           :stable-latency 19128,
                           :lost-latency nil,
                           :known #jepsen.history.Op{:index 207,
                                                     :time 10806927282,
                                                     :type :ok,
                                                     :process 4,
                                                     :f :add,
                                                     :value 53},
                           :last-absent #jepsen.history.Op{:index 432,
                                                           :time 29935299069,
                                                           :type :invoke,
                                                           :process 7,
                                                           :f :read,
                                                           :value nil,
                                                           :final? true}}
                          {:element 64,
                           :outcome :stable,
                           :stable-latency 17189,
                           :lost-latency nil,
                           :known #jepsen.history.Op{:index 251,
                                                     :time 12745740053,
                                                     :type :ok,
                                                     :process 4,
                                                     :f :add,
                                                     :value 64},
                           :last-absent #jepsen.history.Op{:index 432,
                                                           :time 29935299069,
                                                           :type :invoke,
                                                           :process 7,
                                                           :f :read,
                                                           :value nil,
                                                           :final? true}}
                          {:element 67,
                           :outcome :stable,
                           :stable-latency 16013,
                           :lost-latency nil,
                           :known #jepsen.history.Op{:index 273,
                                                     :time 13921412546,
                                                     :type :ok,
                                                     :process 4,
                                                     :f :add,
                                                     :value 67},
                           :last-absent #jepsen.history.Op{:index 432,
                                                           :time 29935299069,
                                                           :type :invoke,
                                                           :process 7,
                                                           :f :read,
                                                           :value nil,
                                                           :final? true}}
                          {:element 74,
                           :outcome :stable,
                           :stable-latency 15150,
                           :lost-latency nil,
                           :known #jepsen.history.Op{:index 295,
                                                     :time 14784804710,
                                                     :type :ok,
                                                     :process 4,
                                                     :f :add,
                                                     :value 74},
                           :last-absent #jepsen.history.Op{:index 432,
                                                           :time 29935299069,
                                                           :type :invoke,
                                                           :process 7,
                                                           :f :read,
                                                           :value nil,
                                                           :final? true}}),
            :duplicated-count 0,
            :valid? false,
            :lost-count 96,
            :lost (1
                   2
                   3
                   4
                   5
                   6
                   8
                   9
                   10
                   11
                   12
                   13
                   14
                   16
                   17
                   18
                   19
                   20
                   21
                   22
                   23
                   24
                   25
                   26
                   27
                   28
                   29
                   30
                   31
                   32
                   33
                   34
                   35
                   37
                   38
                   39
                   40
                   42
                   43
                   44
                   45
                   46
                   47
                   48
                   49
                   50
                   51
                   52
                   54
                   55
                   56
                   57
                   58
                   59
                   60
                   61
                   62
                   63
                   65
                   66
                   68
                   69
                   70
                   71
                   72
                   73
                   75
                   76
                   77
                   79
                   80
                   81
                   82
                   83
                   84
                   85
                   86
                   87
                   88
                   89
                   91
                   92
                   93
                   94
                   95
                   96
                   97
                   98
                   99
                   100
                   101
                   102
                   103
                   104
                   105
                   106),
            :stable-count 11,
            :stale-count 10,
            :stale (7 15 36 41 53 64 67 74 78 90),
            :never-read-count 0,
            :stable-latencies {0 0,
                               0.5 17189,
                               0.95 28499,
                               0.99 28499,
                               1 28499},
            :attempt-count 107,
            :lost-latencies {0 10354,
                             0.5 19179,
                             0.95 28962,
                             0.99 29713,
                             1 29713},
            :never-read (),
            :duplicated {}},
 :valid? false}


Analysis invalid! ( 
