2023-10-22 18:05:54,127{GMT}	INFO	[jepsen test runner] jepsen.core: Test version 74b29c45912026f3626cac56418fe0e6a6ed49c7 (plus uncommitted changes)
2023-10-22 18:05:54,128{GMT}	INFO	[jepsen test runner] jepsen.core: Command line:
lein run test -w broadcast --bin python/dist/broadcast/broadcast --node-count 10 --time-limit 20 --rate 10
2023-10-22 18:05:54,169{GMT}	INFO	[jepsen test runner] jepsen.core: Running test:
{:args []
 :remote
 #jepsen.control.retry.Remote{:remote #jepsen.control.scp.Remote{:cmd-remote #jepsen.control.sshj.SSHJRemote{:concurrency-limit 6,
                                                                                                             :conn-spec nil,
                                                                                                             :client nil,
                                                                                                             :semaphore nil},
                                                                 :conn-spec nil},
                              :conn nil}
 :log-net-send false
 :node-count 10
 :availability nil
 :max-txn-length 4
 :concurrency 10
 :db
 #object[maelstrom.db$db$reify__16142
         "0x49d5b651"
         "maelstrom.db$db$reify__16142@49d5b651"]
 :max-writes-per-key 16
 :leave-db-running? false
 :name "broadcast"
 :logging-json? false
 :start-time
 #object[org.joda.time.DateTime "0x6d4bdb75" "2023-10-22T18:05:54.112+07:00"]
 :nemesis-interval 10
 :net
 #object[maelstrom.net$jepsen_net$reify__15251
         "0x1dc47df3"
         "maelstrom.net$jepsen_net$reify__15251@1dc47df3"]
 :client
 #object[maelstrom.workload.broadcast$client$reify__16644
         "0x256a25a8"
         "maelstrom.workload.broadcast$client$reify__16644@256a25a8"]
 :barrier
 #object[java.util.concurrent.CyclicBarrier
         "0x68f67bbd"
         "java.util.concurrent.CyclicBarrier@68f67bbd"]
 :log-stderr false
 :pure-generators true
 :ssh {:dummy? true}
 :rate 10.0
 :checker
 #object[jepsen.checker$compose$reify__11881
         "0x5bd585a5"
         "jepsen.checker$compose$reify__11881@5bd585a5"]
 :argv
 ("test"
  "-w"
  "broadcast"
  "--bin"
  "python/dist/broadcast/broadcast"
  "--node-count"
  "10"
  "--time-limit"
  "20"
  "--rate"
  "10")
 :nemesis
 (jepsen.nemesis.ReflCompose
  {:fm {:start-partition 0,
        :stop-partition 0,
        :kill 1,
        :start 1,
        :pause 1,
        :resume 1},
   :nemeses [#unprintable "jepsen.nemesis.combined$partition_nemesis$reify__16416@65c040c9"
             #unprintable "jepsen.nemesis.combined$db_nemesis$reify__16397@11736ebc"]})
 :nodes ["n0" "n1" "n2" "n3" "n4" "n5" "n6" "n7" "n8" "n9"]
 :test-count 1
 :latency {:mean 0, :dist :constant}
 :bin "python/dist/broadcast/broadcast"
 :generator
 ((jepsen.generator.Synchronize
   {:gen (jepsen.generator.TimeLimit
          {:limit 20000000000,
           :cutoff nil,
           :gen (jepsen.generator.Any
                 {:gens [(jepsen.generator.OnThreads
                          {:f #{:nemesis},
                           :context-filter #object[jepsen.generator.context$make_thread_filter$lazy_filter__9167
                                                   "0x13d7d1a8"
                                                   "jepsen.generator.context$make_thread_filter$lazy_filter__9167@13d7d1a8"],
                           :gen nil})
                         (jepsen.generator.OnThreads
                          {:f #jepsen.generator.context.AllBut{:element :nemesis},
                           :context-filter #object[jepsen.generator.context$make_thread_filter$lazy_filter__9167
                                                   "0x60035f1e"
                                                   "jepsen.generator.context$make_thread_filter$lazy_filter__9167@60035f1e"],
                           :gen (jepsen.generator.Stagger
                                 {:dt 200000000,
                                  :next-time nil,
                                  :gen (jepsen.generator.Mix
                                        {:i 1,
                                         :gens [({:f :broadcast, :value 0}
                                                 {:f :broadcast, :value 1}
                                                 {:f :broadcast, :value 2}
                                                 {:f :broadcast, :value 3}
                                                 {:f :broadcast, :value 4}
                                                 {:f :broadcast, :value 5}
                                                 {:f :broadcast, :value 6}
                                                 {:f :broadcast, :value 7}
                                                 ...)
                                                ({:f :read}
                                                 {:f :read}
                                                 {:f :read}
                                                 {:f :read}
                                                 {:f :read}
                                                 {:f :read}
                                                 {:f :read}
                                                 {:f :read}
                                                 ...)]})})})]})})})
  (jepsen.generator.Synchronize
   {:gen (jepsen.generator.OnThreads
          {:f #{:nemesis},
           :context-filter #object[jepsen.generator.context$make_thread_filter$lazy_filter__9167
                                   "0x732ffb6a"
                                   "jepsen.generator.context$make_thread_filter$lazy_filter__9167@732ffb6a"],
           :gen ()})})
  (jepsen.generator.Synchronize
   {:gen {:type :log, :value "Waiting for recovery..."}})
  (jepsen.generator.Synchronize {:gen {:type :sleep, :value 10}})
  (jepsen.generator.Synchronize
   {:gen (jepsen.generator.OnThreads
          {:f #jepsen.generator.context.AllBut{:element :nemesis},
           :context-filter #object[jepsen.generator.context$make_thread_filter$lazy_filter__9167
                                   "0x5ed83e36"
                                   "jepsen.generator.context$make_thread_filter$lazy_filter__9167@5ed83e36"],
           :gen (jepsen.generator.EachThread
                 {:fresh-gen {:f :read, :final? true},
                  :context-filters #object[clojure.core$promise$reify__8591
                                           "0x2459715c"
                                           {:status :pending, :val nil}],
                  :gens {}})})}))
 :log-net-recv false
 :os
 #object[maelstrom.net$jepsen_os$reify__15254
         "0x401e36ab"
         "maelstrom.net$jepsen_os$reify__15254@401e36ab"]
 :time-limit 20
 :workload :broadcast
 :consistency-models [:strict-serializable]
 :topology :grid}

2023-10-22 18:05:55,440{GMT}	INFO	[jepsen node n0] maelstrom.net: Starting Maelstrom network
2023-10-22 18:05:55,441{GMT}	INFO	[jepsen test runner] jepsen.db: Tearing down DB
2023-10-22 18:05:55,443{GMT}	INFO	[jepsen test runner] jepsen.db: Setting up DB
2023-10-22 18:05:55,444{GMT}	INFO	[jepsen node n3] maelstrom.db: Setting up n3
2023-10-22 18:05:55,444{GMT}	INFO	[jepsen node n1] maelstrom.db: Setting up n1
2023-10-22 18:05:55,444{GMT}	INFO	[jepsen node n4] maelstrom.db: Setting up n4
2023-10-22 18:05:55,444{GMT}	INFO	[jepsen node n2] maelstrom.db: Setting up n2
2023-10-22 18:05:55,444{GMT}	INFO	[jepsen node n5] maelstrom.db: Setting up n5
2023-10-22 18:05:55,444{GMT}	INFO	[jepsen node n6] maelstrom.db: Setting up n6
2023-10-22 18:05:55,444{GMT}	INFO	[jepsen node n7] maelstrom.db: Setting up n7
2023-10-22 18:05:55,444{GMT}	INFO	[jepsen node n8] maelstrom.db: Setting up n8
2023-10-22 18:05:55,444{GMT}	INFO	[jepsen node n9] maelstrom.db: Setting up n9
2023-10-22 18:05:55,444{GMT}	INFO	[jepsen node n7] maelstrom.process: launching python/dist/broadcast/broadcast []
2023-10-22 18:05:55,444{GMT}	INFO	[jepsen node n3] maelstrom.process: launching python/dist/broadcast/broadcast []
2023-10-22 18:05:55,444{GMT}	INFO	[jepsen node n9] maelstrom.process: launching python/dist/broadcast/broadcast []
2023-10-22 18:05:55,444{GMT}	INFO	[jepsen node n2] maelstrom.process: launching python/dist/broadcast/broadcast []
2023-10-22 18:05:55,444{GMT}	INFO	[jepsen node n6] maelstrom.process: launching python/dist/broadcast/broadcast []
2023-10-22 18:05:55,444{GMT}	INFO	[jepsen node n5] maelstrom.process: launching python/dist/broadcast/broadcast []
2023-10-22 18:05:55,444{GMT}	INFO	[jepsen node n8] maelstrom.process: launching python/dist/broadcast/broadcast []
2023-10-22 18:05:55,444{GMT}	INFO	[jepsen node n1] maelstrom.process: launching python/dist/broadcast/broadcast []
2023-10-22 18:05:55,444{GMT}	INFO	[jepsen node n4] maelstrom.process: launching python/dist/broadcast/broadcast []
2023-10-22 18:05:55,445{GMT}	INFO	[jepsen node n0] maelstrom.service: Starting services: (lin-kv lin-tso lww-kv seq-kv)
2023-10-22 18:05:55,446{GMT}	INFO	[jepsen node n0] maelstrom.db: Setting up n0
2023-10-22 18:05:55,446{GMT}	INFO	[jepsen node n0] maelstrom.process: launching python/dist/broadcast/broadcast []
2023-10-22 18:05:56,449{GMT}	INFO	[jepsen node n0] maelstrom.net: Shutting down Maelstrom network
2023-10-22 18:05:56,450{GMT}	WARN	[jepsen test runner] jepsen.core: Test crashed!
java.io.IOException: Cannot run program "/home/tropicaldog17/distributed/dist-sys-chall/python/python/dist/broadcast/broadcast" (in directory "/tmp"): error=2, No such file or directory
	at java.base/java.lang.ProcessBuilder.start(ProcessBuilder.java:1143)
	at java.base/java.lang.ProcessBuilder.start(ProcessBuilder.java:1073)
	at maelstrom.process$start_node_BANG_.invokeStatic(process.clj:199)
	at maelstrom.process$start_node_BANG_.invoke(process.clj:168)
	at maelstrom.db$db$reify__16142.setup_BANG_(db.clj:34)
	at jepsen.db$fn__8729$G__8723__8733.invoke(db.clj:12)
	at jepsen.db$fn__8729$G__8722__8738.invoke(db.clj:12)
	at clojure.core$partial$fn__5908.invoke(core.clj:2642)
	at jepsen.control$on_nodes$fn__8599.invoke(control.clj:314)
	at clojure.lang.AFn.applyToHelper(AFn.java:154)
	at clojure.lang.AFn.applyTo(AFn.java:144)
	at clojure.core$apply.invokeStatic(core.clj:667)
	at clojure.core$with_bindings_STAR_.invokeStatic(core.clj:1990)
	at clojure.core$with_bindings_STAR_.doInvoke(core.clj:1990)
	at clojure.lang.RestFn.applyTo(RestFn.java:142)
	at clojure.core$apply.invokeStatic(core.clj:671)
	at clojure.core$bound_fn_STAR_$fn__5818.doInvoke(core.clj:2020)
	at clojure.lang.RestFn.invoke(RestFn.java:408)
	at dom_top.core$real_pmap_helper$build_thread__211$fn__212.invoke(core.clj:163)
	at clojure.lang.AFn.applyToHelper(AFn.java:152)
	at clojure.lang.AFn.applyTo(AFn.java:144)
	at clojure.core$apply.invokeStatic(core.clj:667)
	at clojure.core$with_bindings_STAR_.invokeStatic(core.clj:1990)
	at clojure.core$with_bindings_STAR_.doInvoke(core.clj:1990)
	at clojure.lang.RestFn.invoke(RestFn.java:425)
	at clojure.lang.AFn.applyToHelper(AFn.java:156)
	at clojure.lang.RestFn.applyTo(RestFn.java:132)
	at clojure.core$apply.invokeStatic(core.clj:671)
	at clojure.core$bound_fn_STAR_$fn__5818.doInvoke(core.clj:2020)
	at clojure.lang.RestFn.invoke(RestFn.java:397)
	at clojure.lang.AFn.run(AFn.java:22)
	at java.base/java.lang.Thread.run(Thread.java:833)
Caused by: java.io.IOException: error=2, No such file or directory
	at java.base/java.lang.ProcessImpl.forkAndExec(Native Method)
	at java.base/java.lang.ProcessImpl.<init>(ProcessImpl.java:314)
	at java.base/java.lang.ProcessImpl.start(ProcessImpl.java:244)
	at java.base/java.lang.ProcessBuilder.start(ProcessBuilder.java:1110)
	... 31 common frames omitted
